ARM GAS  /tmp/ccxmrmed.s 			page 1


   1              		.cpu cortex-m3
   2              		.eabi_attribute 20, 1
   3              		.eabi_attribute 21, 1
   4              		.eabi_attribute 23, 3
   5              		.eabi_attribute 24, 1
   6              		.eabi_attribute 25, 1
   7              		.eabi_attribute 26, 1
   8              		.eabi_attribute 30, 1
   9              		.eabi_attribute 34, 1
  10              		.eabi_attribute 18, 4
  11              		.file	"stm32f1xx_hal.c"
  12              		.text
  13              	.Ltext0:
  14              		.cfi_sections	.debug_frame
  15              		.section	.text.HAL_MspInit,"ax",%progbits
  16              		.align	1
  17              		.weak	HAL_MspInit
  18              		.arch armv7-m
  19              		.syntax unified
  20              		.thumb
  21              		.thumb_func
  22              		.fpu softvfp
  24              	HAL_MspInit:
  25              	.LFB68:
  26              		.file 1 "Drivers/STM32F1xx_HAL_Driver/Src/stm32f1xx_hal.c"
   1:Drivers/STM32F1xx_HAL_Driver/Src/stm32f1xx_hal.c **** /**
   2:Drivers/STM32F1xx_HAL_Driver/Src/stm32f1xx_hal.c ****   ******************************************************************************
   3:Drivers/STM32F1xx_HAL_Driver/Src/stm32f1xx_hal.c ****   * @file    stm32f1xx_hal.c
   4:Drivers/STM32F1xx_HAL_Driver/Src/stm32f1xx_hal.c ****   * @author  MCD Application Team
   5:Drivers/STM32F1xx_HAL_Driver/Src/stm32f1xx_hal.c ****   * @brief   HAL module driver.
   6:Drivers/STM32F1xx_HAL_Driver/Src/stm32f1xx_hal.c ****   *          This is the common part of the HAL initialization
   7:Drivers/STM32F1xx_HAL_Driver/Src/stm32f1xx_hal.c ****   *
   8:Drivers/STM32F1xx_HAL_Driver/Src/stm32f1xx_hal.c ****   @verbatim
   9:Drivers/STM32F1xx_HAL_Driver/Src/stm32f1xx_hal.c ****   ==============================================================================
  10:Drivers/STM32F1xx_HAL_Driver/Src/stm32f1xx_hal.c ****                      ##### How to use this driver #####
  11:Drivers/STM32F1xx_HAL_Driver/Src/stm32f1xx_hal.c ****   ==============================================================================
  12:Drivers/STM32F1xx_HAL_Driver/Src/stm32f1xx_hal.c ****     [..]
  13:Drivers/STM32F1xx_HAL_Driver/Src/stm32f1xx_hal.c ****     The common HAL driver contains a set of generic and common APIs that can be
  14:Drivers/STM32F1xx_HAL_Driver/Src/stm32f1xx_hal.c ****     used by the PPP peripheral drivers and the user to start using the HAL.
  15:Drivers/STM32F1xx_HAL_Driver/Src/stm32f1xx_hal.c ****     [..]
  16:Drivers/STM32F1xx_HAL_Driver/Src/stm32f1xx_hal.c ****     The HAL contains two APIs' categories:
  17:Drivers/STM32F1xx_HAL_Driver/Src/stm32f1xx_hal.c ****          (+) Common HAL APIs
  18:Drivers/STM32F1xx_HAL_Driver/Src/stm32f1xx_hal.c ****          (+) Services HAL APIs
  19:Drivers/STM32F1xx_HAL_Driver/Src/stm32f1xx_hal.c **** 
  20:Drivers/STM32F1xx_HAL_Driver/Src/stm32f1xx_hal.c ****   @endverbatim
  21:Drivers/STM32F1xx_HAL_Driver/Src/stm32f1xx_hal.c ****   ******************************************************************************
  22:Drivers/STM32F1xx_HAL_Driver/Src/stm32f1xx_hal.c ****   * @attention
  23:Drivers/STM32F1xx_HAL_Driver/Src/stm32f1xx_hal.c ****   *
  24:Drivers/STM32F1xx_HAL_Driver/Src/stm32f1xx_hal.c ****   * <h2><center>&copy; COPYRIGHT(c) 2016 STMicroelectronics</center></h2>
  25:Drivers/STM32F1xx_HAL_Driver/Src/stm32f1xx_hal.c ****   *
  26:Drivers/STM32F1xx_HAL_Driver/Src/stm32f1xx_hal.c ****   * Redistribution and use in source and binary forms, with or without modification,
  27:Drivers/STM32F1xx_HAL_Driver/Src/stm32f1xx_hal.c ****   * are permitted provided that the following conditions are met:
  28:Drivers/STM32F1xx_HAL_Driver/Src/stm32f1xx_hal.c ****   *   1. Redistributions of source code must retain the above copyright notice,
  29:Drivers/STM32F1xx_HAL_Driver/Src/stm32f1xx_hal.c ****   *      this list of conditions and the following disclaimer.
  30:Drivers/STM32F1xx_HAL_Driver/Src/stm32f1xx_hal.c ****   *   2. Redistributions in binary form must reproduce the above copyright notice,
  31:Drivers/STM32F1xx_HAL_Driver/Src/stm32f1xx_hal.c ****   *      this list of conditions and the following disclaimer in the documentation
  32:Drivers/STM32F1xx_HAL_Driver/Src/stm32f1xx_hal.c ****   *      and/or other materials provided with the distribution.
ARM GAS  /tmp/ccxmrmed.s 			page 2


  33:Drivers/STM32F1xx_HAL_Driver/Src/stm32f1xx_hal.c ****   *   3. Neither the name of STMicroelectronics nor the names of its contributors
  34:Drivers/STM32F1xx_HAL_Driver/Src/stm32f1xx_hal.c ****   *      may be used to endorse or promote products derived from this software
  35:Drivers/STM32F1xx_HAL_Driver/Src/stm32f1xx_hal.c ****   *      without specific prior written permission.
  36:Drivers/STM32F1xx_HAL_Driver/Src/stm32f1xx_hal.c ****   *
  37:Drivers/STM32F1xx_HAL_Driver/Src/stm32f1xx_hal.c ****   * THIS SOFTWARE IS PROVIDED BY THE COPYRIGHT HOLDERS AND CONTRIBUTORS "AS IS"
  38:Drivers/STM32F1xx_HAL_Driver/Src/stm32f1xx_hal.c ****   * AND ANY EXPRESS OR IMPLIED WARRANTIES, INCLUDING, BUT NOT LIMITED TO, THE
  39:Drivers/STM32F1xx_HAL_Driver/Src/stm32f1xx_hal.c ****   * IMPLIED WARRANTIES OF MERCHANTABILITY AND FITNESS FOR A PARTICULAR PURPOSE ARE
  40:Drivers/STM32F1xx_HAL_Driver/Src/stm32f1xx_hal.c ****   * DISCLAIMED. IN NO EVENT SHALL THE COPYRIGHT HOLDER OR CONTRIBUTORS BE LIABLE
  41:Drivers/STM32F1xx_HAL_Driver/Src/stm32f1xx_hal.c ****   * FOR ANY DIRECT, INDIRECT, INCIDENTAL, SPECIAL, EXEMPLARY, OR CONSEQUENTIAL
  42:Drivers/STM32F1xx_HAL_Driver/Src/stm32f1xx_hal.c ****   * DAMAGES (INCLUDING, BUT NOT LIMITED TO, PROCUREMENT OF SUBSTITUTE GOODS OR
  43:Drivers/STM32F1xx_HAL_Driver/Src/stm32f1xx_hal.c ****   * SERVICES; LOSS OF USE, DATA, OR PROFITS; OR BUSINESS INTERRUPTION) HOWEVER
  44:Drivers/STM32F1xx_HAL_Driver/Src/stm32f1xx_hal.c ****   * CAUSED AND ON ANY THEORY OF LIABILITY, WHETHER IN CONTRACT, STRICT LIABILITY,
  45:Drivers/STM32F1xx_HAL_Driver/Src/stm32f1xx_hal.c ****   * OR TORT (INCLUDING NEGLIGENCE OR OTHERWISE) ARISING IN ANY WAY OUT OF THE USE
  46:Drivers/STM32F1xx_HAL_Driver/Src/stm32f1xx_hal.c ****   * OF THIS SOFTWARE, EVEN IF ADVISED OF THE POSSIBILITY OF SUCH DAMAGE.
  47:Drivers/STM32F1xx_HAL_Driver/Src/stm32f1xx_hal.c ****   *
  48:Drivers/STM32F1xx_HAL_Driver/Src/stm32f1xx_hal.c ****   ******************************************************************************
  49:Drivers/STM32F1xx_HAL_Driver/Src/stm32f1xx_hal.c ****   */
  50:Drivers/STM32F1xx_HAL_Driver/Src/stm32f1xx_hal.c **** 
  51:Drivers/STM32F1xx_HAL_Driver/Src/stm32f1xx_hal.c **** /* Includes ------------------------------------------------------------------*/
  52:Drivers/STM32F1xx_HAL_Driver/Src/stm32f1xx_hal.c **** #include "stm32f1xx_hal.h"
  53:Drivers/STM32F1xx_HAL_Driver/Src/stm32f1xx_hal.c **** 
  54:Drivers/STM32F1xx_HAL_Driver/Src/stm32f1xx_hal.c **** /** @addtogroup STM32F1xx_HAL_Driver
  55:Drivers/STM32F1xx_HAL_Driver/Src/stm32f1xx_hal.c ****   * @{
  56:Drivers/STM32F1xx_HAL_Driver/Src/stm32f1xx_hal.c ****   */
  57:Drivers/STM32F1xx_HAL_Driver/Src/stm32f1xx_hal.c **** 
  58:Drivers/STM32F1xx_HAL_Driver/Src/stm32f1xx_hal.c **** /** @defgroup HAL HAL
  59:Drivers/STM32F1xx_HAL_Driver/Src/stm32f1xx_hal.c ****   * @brief HAL module driver.
  60:Drivers/STM32F1xx_HAL_Driver/Src/stm32f1xx_hal.c ****   * @{
  61:Drivers/STM32F1xx_HAL_Driver/Src/stm32f1xx_hal.c ****   */
  62:Drivers/STM32F1xx_HAL_Driver/Src/stm32f1xx_hal.c **** 
  63:Drivers/STM32F1xx_HAL_Driver/Src/stm32f1xx_hal.c **** #ifdef HAL_MODULE_ENABLED
  64:Drivers/STM32F1xx_HAL_Driver/Src/stm32f1xx_hal.c **** 
  65:Drivers/STM32F1xx_HAL_Driver/Src/stm32f1xx_hal.c **** /* Private typedef -----------------------------------------------------------*/
  66:Drivers/STM32F1xx_HAL_Driver/Src/stm32f1xx_hal.c **** /* Private define ------------------------------------------------------------*/
  67:Drivers/STM32F1xx_HAL_Driver/Src/stm32f1xx_hal.c **** 
  68:Drivers/STM32F1xx_HAL_Driver/Src/stm32f1xx_hal.c **** /** @defgroup HAL_Private_Constants HAL Private Constants
  69:Drivers/STM32F1xx_HAL_Driver/Src/stm32f1xx_hal.c ****   * @{
  70:Drivers/STM32F1xx_HAL_Driver/Src/stm32f1xx_hal.c ****   */
  71:Drivers/STM32F1xx_HAL_Driver/Src/stm32f1xx_hal.c **** /**
  72:Drivers/STM32F1xx_HAL_Driver/Src/stm32f1xx_hal.c ****  * @brief STM32F1xx HAL Driver version number V1.1.3
  73:Drivers/STM32F1xx_HAL_Driver/Src/stm32f1xx_hal.c ****    */
  74:Drivers/STM32F1xx_HAL_Driver/Src/stm32f1xx_hal.c **** #define __STM32F1xx_HAL_VERSION_MAIN   (0x01U) /*!< [31:24] main version */
  75:Drivers/STM32F1xx_HAL_Driver/Src/stm32f1xx_hal.c **** #define __STM32F1xx_HAL_VERSION_SUB1   (0x01U) /*!< [23:16] sub1 version */
  76:Drivers/STM32F1xx_HAL_Driver/Src/stm32f1xx_hal.c **** #define __STM32F1xx_HAL_VERSION_SUB2   (0x03U) /*!< [15:8]  sub2 version */
  77:Drivers/STM32F1xx_HAL_Driver/Src/stm32f1xx_hal.c **** #define __STM32F1xx_HAL_VERSION_RC     (0x00U) /*!< [7:0]  release candidate */
  78:Drivers/STM32F1xx_HAL_Driver/Src/stm32f1xx_hal.c **** #define __STM32F1xx_HAL_VERSION         ((__STM32F1xx_HAL_VERSION_MAIN << 24)\
  79:Drivers/STM32F1xx_HAL_Driver/Src/stm32f1xx_hal.c ****                                         |(__STM32F1xx_HAL_VERSION_SUB1 << 16)\
  80:Drivers/STM32F1xx_HAL_Driver/Src/stm32f1xx_hal.c ****                                         |(__STM32F1xx_HAL_VERSION_SUB2 << 8 )\
  81:Drivers/STM32F1xx_HAL_Driver/Src/stm32f1xx_hal.c ****                                         |(__STM32F1xx_HAL_VERSION_RC))
  82:Drivers/STM32F1xx_HAL_Driver/Src/stm32f1xx_hal.c **** 
  83:Drivers/STM32F1xx_HAL_Driver/Src/stm32f1xx_hal.c **** #define IDCODE_DEVID_MASK    0x00000FFFU
  84:Drivers/STM32F1xx_HAL_Driver/Src/stm32f1xx_hal.c **** 
  85:Drivers/STM32F1xx_HAL_Driver/Src/stm32f1xx_hal.c **** /**
  86:Drivers/STM32F1xx_HAL_Driver/Src/stm32f1xx_hal.c ****   * @}
  87:Drivers/STM32F1xx_HAL_Driver/Src/stm32f1xx_hal.c ****   */
  88:Drivers/STM32F1xx_HAL_Driver/Src/stm32f1xx_hal.c **** 
  89:Drivers/STM32F1xx_HAL_Driver/Src/stm32f1xx_hal.c **** /* Private macro -------------------------------------------------------------*/
ARM GAS  /tmp/ccxmrmed.s 			page 3


  90:Drivers/STM32F1xx_HAL_Driver/Src/stm32f1xx_hal.c **** /* Private variables ---------------------------------------------------------*/
  91:Drivers/STM32F1xx_HAL_Driver/Src/stm32f1xx_hal.c **** 
  92:Drivers/STM32F1xx_HAL_Driver/Src/stm32f1xx_hal.c **** /** @defgroup HAL_Private_Variables HAL Private Variables
  93:Drivers/STM32F1xx_HAL_Driver/Src/stm32f1xx_hal.c ****   * @{
  94:Drivers/STM32F1xx_HAL_Driver/Src/stm32f1xx_hal.c ****   */
  95:Drivers/STM32F1xx_HAL_Driver/Src/stm32f1xx_hal.c **** __IO uint32_t uwTick;
  96:Drivers/STM32F1xx_HAL_Driver/Src/stm32f1xx_hal.c **** uint32_t uwTickPrio   = (1UL << __NVIC_PRIO_BITS); /* Invalid PRIO */
  97:Drivers/STM32F1xx_HAL_Driver/Src/stm32f1xx_hal.c **** HAL_TickFreqTypeDef uwTickFreq = HAL_TICK_FREQ_DEFAULT;  /* 1KHz */
  98:Drivers/STM32F1xx_HAL_Driver/Src/stm32f1xx_hal.c **** /**
  99:Drivers/STM32F1xx_HAL_Driver/Src/stm32f1xx_hal.c ****   * @}
 100:Drivers/STM32F1xx_HAL_Driver/Src/stm32f1xx_hal.c ****   */
 101:Drivers/STM32F1xx_HAL_Driver/Src/stm32f1xx_hal.c **** /* Private function prototypes -----------------------------------------------*/
 102:Drivers/STM32F1xx_HAL_Driver/Src/stm32f1xx_hal.c **** /* Exported functions ---------------------------------------------------------*/
 103:Drivers/STM32F1xx_HAL_Driver/Src/stm32f1xx_hal.c **** 
 104:Drivers/STM32F1xx_HAL_Driver/Src/stm32f1xx_hal.c **** /** @defgroup HAL_Exported_Functions HAL Exported Functions
 105:Drivers/STM32F1xx_HAL_Driver/Src/stm32f1xx_hal.c ****   * @{
 106:Drivers/STM32F1xx_HAL_Driver/Src/stm32f1xx_hal.c ****   */
 107:Drivers/STM32F1xx_HAL_Driver/Src/stm32f1xx_hal.c **** 
 108:Drivers/STM32F1xx_HAL_Driver/Src/stm32f1xx_hal.c **** /** @defgroup HAL_Exported_Functions_Group1 Initialization and de-initialization Functions
 109:Drivers/STM32F1xx_HAL_Driver/Src/stm32f1xx_hal.c ****  *  @brief    Initialization and de-initialization functions
 110:Drivers/STM32F1xx_HAL_Driver/Src/stm32f1xx_hal.c ****  *
 111:Drivers/STM32F1xx_HAL_Driver/Src/stm32f1xx_hal.c **** @verbatim
 112:Drivers/STM32F1xx_HAL_Driver/Src/stm32f1xx_hal.c ****  ===============================================================================
 113:Drivers/STM32F1xx_HAL_Driver/Src/stm32f1xx_hal.c ****               ##### Initialization and de-initialization functions #####
 114:Drivers/STM32F1xx_HAL_Driver/Src/stm32f1xx_hal.c ****  ===============================================================================
 115:Drivers/STM32F1xx_HAL_Driver/Src/stm32f1xx_hal.c ****    [..]  This section provides functions allowing to:
 116:Drivers/STM32F1xx_HAL_Driver/Src/stm32f1xx_hal.c ****       (+) Initializes the Flash interface, the NVIC allocation and initial clock
 117:Drivers/STM32F1xx_HAL_Driver/Src/stm32f1xx_hal.c ****           configuration. It initializes the systick also when timeout is needed
 118:Drivers/STM32F1xx_HAL_Driver/Src/stm32f1xx_hal.c ****           and the backup domain when enabled.
 119:Drivers/STM32F1xx_HAL_Driver/Src/stm32f1xx_hal.c ****       (+) de-Initializes common part of the HAL.
 120:Drivers/STM32F1xx_HAL_Driver/Src/stm32f1xx_hal.c ****       (+) Configure The time base source to have 1ms time base with a dedicated
 121:Drivers/STM32F1xx_HAL_Driver/Src/stm32f1xx_hal.c ****           Tick interrupt priority.
 122:Drivers/STM32F1xx_HAL_Driver/Src/stm32f1xx_hal.c ****         (++) SysTick timer is used by default as source of time base, but user
 123:Drivers/STM32F1xx_HAL_Driver/Src/stm32f1xx_hal.c ****              can eventually implement his proper time base source (a general purpose
 124:Drivers/STM32F1xx_HAL_Driver/Src/stm32f1xx_hal.c ****              timer for example or other time source), keeping in mind that Time base
 125:Drivers/STM32F1xx_HAL_Driver/Src/stm32f1xx_hal.c ****              duration should be kept 1ms since PPP_TIMEOUT_VALUEs are defined and
 126:Drivers/STM32F1xx_HAL_Driver/Src/stm32f1xx_hal.c ****              handled in milliseconds basis.
 127:Drivers/STM32F1xx_HAL_Driver/Src/stm32f1xx_hal.c ****         (++) Time base configuration function (HAL_InitTick ()) is called automatically
 128:Drivers/STM32F1xx_HAL_Driver/Src/stm32f1xx_hal.c ****              at the beginning of the program after reset by HAL_Init() or at any time
 129:Drivers/STM32F1xx_HAL_Driver/Src/stm32f1xx_hal.c ****              when clock is configured, by HAL_RCC_ClockConfig().
 130:Drivers/STM32F1xx_HAL_Driver/Src/stm32f1xx_hal.c ****         (++) Source of time base is configured  to generate interrupts at regular
 131:Drivers/STM32F1xx_HAL_Driver/Src/stm32f1xx_hal.c ****              time intervals. Care must be taken if HAL_Delay() is called from a
 132:Drivers/STM32F1xx_HAL_Driver/Src/stm32f1xx_hal.c ****              peripheral ISR process, the Tick interrupt line must have higher priority
 133:Drivers/STM32F1xx_HAL_Driver/Src/stm32f1xx_hal.c ****             (numerically lower) than the peripheral interrupt. Otherwise the caller
 134:Drivers/STM32F1xx_HAL_Driver/Src/stm32f1xx_hal.c ****             ISR process will be blocked.
 135:Drivers/STM32F1xx_HAL_Driver/Src/stm32f1xx_hal.c ****        (++) functions affecting time base configurations are declared as __weak
 136:Drivers/STM32F1xx_HAL_Driver/Src/stm32f1xx_hal.c ****              to make  override possible  in case of other  implementations in user file.
 137:Drivers/STM32F1xx_HAL_Driver/Src/stm32f1xx_hal.c **** @endverbatim
 138:Drivers/STM32F1xx_HAL_Driver/Src/stm32f1xx_hal.c ****   * @{
 139:Drivers/STM32F1xx_HAL_Driver/Src/stm32f1xx_hal.c ****   */
 140:Drivers/STM32F1xx_HAL_Driver/Src/stm32f1xx_hal.c **** 
 141:Drivers/STM32F1xx_HAL_Driver/Src/stm32f1xx_hal.c **** /**
 142:Drivers/STM32F1xx_HAL_Driver/Src/stm32f1xx_hal.c ****   * @brief  This function is used to initialize the HAL Library; it must be the first
 143:Drivers/STM32F1xx_HAL_Driver/Src/stm32f1xx_hal.c ****   *         instruction to be executed in the main program (before to call any other
 144:Drivers/STM32F1xx_HAL_Driver/Src/stm32f1xx_hal.c ****   *         HAL function), it performs the following:
 145:Drivers/STM32F1xx_HAL_Driver/Src/stm32f1xx_hal.c ****   *           Configure the Flash prefetch.
 146:Drivers/STM32F1xx_HAL_Driver/Src/stm32f1xx_hal.c ****   *           Configures the SysTick to generate an interrupt each 1 millisecond,
ARM GAS  /tmp/ccxmrmed.s 			page 4


 147:Drivers/STM32F1xx_HAL_Driver/Src/stm32f1xx_hal.c ****   *           which is clocked by the HSI (at this stage, the clock is not yet
 148:Drivers/STM32F1xx_HAL_Driver/Src/stm32f1xx_hal.c ****   *           configured and thus the system is running from the internal HSI at 16 MHz).
 149:Drivers/STM32F1xx_HAL_Driver/Src/stm32f1xx_hal.c ****   *           Set NVIC Group Priority to 4.
 150:Drivers/STM32F1xx_HAL_Driver/Src/stm32f1xx_hal.c ****   *           Calls the HAL_MspInit() callback function defined in user file
 151:Drivers/STM32F1xx_HAL_Driver/Src/stm32f1xx_hal.c ****   *           "stm32f1xx_hal_msp.c" to do the global low level hardware initialization
 152:Drivers/STM32F1xx_HAL_Driver/Src/stm32f1xx_hal.c ****   *
 153:Drivers/STM32F1xx_HAL_Driver/Src/stm32f1xx_hal.c ****   * @note   SysTick is used as time base for the HAL_Delay() function, the application
 154:Drivers/STM32F1xx_HAL_Driver/Src/stm32f1xx_hal.c ****   *         need to ensure that the SysTick time base is always set to 1 millisecond
 155:Drivers/STM32F1xx_HAL_Driver/Src/stm32f1xx_hal.c ****   *         to have correct HAL operation.
 156:Drivers/STM32F1xx_HAL_Driver/Src/stm32f1xx_hal.c ****   * @retval HAL status
 157:Drivers/STM32F1xx_HAL_Driver/Src/stm32f1xx_hal.c ****   */
 158:Drivers/STM32F1xx_HAL_Driver/Src/stm32f1xx_hal.c **** HAL_StatusTypeDef HAL_Init(void)
 159:Drivers/STM32F1xx_HAL_Driver/Src/stm32f1xx_hal.c **** {
 160:Drivers/STM32F1xx_HAL_Driver/Src/stm32f1xx_hal.c ****   /* Configure Flash prefetch */
 161:Drivers/STM32F1xx_HAL_Driver/Src/stm32f1xx_hal.c **** #if (PREFETCH_ENABLE != 0)
 162:Drivers/STM32F1xx_HAL_Driver/Src/stm32f1xx_hal.c **** #if defined(STM32F101x6) || defined(STM32F101xB) || defined(STM32F101xE) || defined(STM32F101xG) ||
 163:Drivers/STM32F1xx_HAL_Driver/Src/stm32f1xx_hal.c ****     defined(STM32F102x6) || defined(STM32F102xB) || \
 164:Drivers/STM32F1xx_HAL_Driver/Src/stm32f1xx_hal.c ****     defined(STM32F103x6) || defined(STM32F103xB) || defined(STM32F103xE) || defined(STM32F103xG) ||
 165:Drivers/STM32F1xx_HAL_Driver/Src/stm32f1xx_hal.c ****     defined(STM32F105xC) || defined(STM32F107xC)
 166:Drivers/STM32F1xx_HAL_Driver/Src/stm32f1xx_hal.c **** 
 167:Drivers/STM32F1xx_HAL_Driver/Src/stm32f1xx_hal.c ****   /* Prefetch buffer is not available on value line devices */
 168:Drivers/STM32F1xx_HAL_Driver/Src/stm32f1xx_hal.c ****   __HAL_FLASH_PREFETCH_BUFFER_ENABLE();
 169:Drivers/STM32F1xx_HAL_Driver/Src/stm32f1xx_hal.c **** #endif
 170:Drivers/STM32F1xx_HAL_Driver/Src/stm32f1xx_hal.c **** #endif /* PREFETCH_ENABLE */
 171:Drivers/STM32F1xx_HAL_Driver/Src/stm32f1xx_hal.c **** 
 172:Drivers/STM32F1xx_HAL_Driver/Src/stm32f1xx_hal.c ****   /* Set Interrupt Group Priority */
 173:Drivers/STM32F1xx_HAL_Driver/Src/stm32f1xx_hal.c ****   HAL_NVIC_SetPriorityGrouping(NVIC_PRIORITYGROUP_4);
 174:Drivers/STM32F1xx_HAL_Driver/Src/stm32f1xx_hal.c **** 
 175:Drivers/STM32F1xx_HAL_Driver/Src/stm32f1xx_hal.c ****   /* Use systick as time base source and configure 1ms tick (default clock after Reset is HSI) */
 176:Drivers/STM32F1xx_HAL_Driver/Src/stm32f1xx_hal.c ****   HAL_InitTick(TICK_INT_PRIORITY);
 177:Drivers/STM32F1xx_HAL_Driver/Src/stm32f1xx_hal.c **** 
 178:Drivers/STM32F1xx_HAL_Driver/Src/stm32f1xx_hal.c ****   /* Init the low level hardware */
 179:Drivers/STM32F1xx_HAL_Driver/Src/stm32f1xx_hal.c ****   HAL_MspInit();
 180:Drivers/STM32F1xx_HAL_Driver/Src/stm32f1xx_hal.c **** 
 181:Drivers/STM32F1xx_HAL_Driver/Src/stm32f1xx_hal.c ****   /* Return function status */
 182:Drivers/STM32F1xx_HAL_Driver/Src/stm32f1xx_hal.c ****   return HAL_OK;
 183:Drivers/STM32F1xx_HAL_Driver/Src/stm32f1xx_hal.c **** }
 184:Drivers/STM32F1xx_HAL_Driver/Src/stm32f1xx_hal.c **** 
 185:Drivers/STM32F1xx_HAL_Driver/Src/stm32f1xx_hal.c **** /**
 186:Drivers/STM32F1xx_HAL_Driver/Src/stm32f1xx_hal.c ****   * @brief This function de-Initializes common part of the HAL and stops the systick.
 187:Drivers/STM32F1xx_HAL_Driver/Src/stm32f1xx_hal.c ****   *        of time base.
 188:Drivers/STM32F1xx_HAL_Driver/Src/stm32f1xx_hal.c ****   * @note This function is optional.
 189:Drivers/STM32F1xx_HAL_Driver/Src/stm32f1xx_hal.c ****   * @retval HAL status
 190:Drivers/STM32F1xx_HAL_Driver/Src/stm32f1xx_hal.c ****   */
 191:Drivers/STM32F1xx_HAL_Driver/Src/stm32f1xx_hal.c **** HAL_StatusTypeDef HAL_DeInit(void)
 192:Drivers/STM32F1xx_HAL_Driver/Src/stm32f1xx_hal.c **** {
 193:Drivers/STM32F1xx_HAL_Driver/Src/stm32f1xx_hal.c ****   /* Reset of all peripherals */
 194:Drivers/STM32F1xx_HAL_Driver/Src/stm32f1xx_hal.c ****   __HAL_RCC_APB1_FORCE_RESET();
 195:Drivers/STM32F1xx_HAL_Driver/Src/stm32f1xx_hal.c ****   __HAL_RCC_APB1_RELEASE_RESET();
 196:Drivers/STM32F1xx_HAL_Driver/Src/stm32f1xx_hal.c **** 
 197:Drivers/STM32F1xx_HAL_Driver/Src/stm32f1xx_hal.c ****   __HAL_RCC_APB2_FORCE_RESET();
 198:Drivers/STM32F1xx_HAL_Driver/Src/stm32f1xx_hal.c ****   __HAL_RCC_APB2_RELEASE_RESET();
 199:Drivers/STM32F1xx_HAL_Driver/Src/stm32f1xx_hal.c **** 
 200:Drivers/STM32F1xx_HAL_Driver/Src/stm32f1xx_hal.c **** #if defined(STM32F105xC) || defined(STM32F107xC)
 201:Drivers/STM32F1xx_HAL_Driver/Src/stm32f1xx_hal.c ****   __HAL_RCC_AHB_FORCE_RESET();
 202:Drivers/STM32F1xx_HAL_Driver/Src/stm32f1xx_hal.c ****   __HAL_RCC_AHB_RELEASE_RESET();
 203:Drivers/STM32F1xx_HAL_Driver/Src/stm32f1xx_hal.c **** #endif
ARM GAS  /tmp/ccxmrmed.s 			page 5


 204:Drivers/STM32F1xx_HAL_Driver/Src/stm32f1xx_hal.c **** 
 205:Drivers/STM32F1xx_HAL_Driver/Src/stm32f1xx_hal.c ****   /* De-Init the low level hardware */
 206:Drivers/STM32F1xx_HAL_Driver/Src/stm32f1xx_hal.c ****   HAL_MspDeInit();
 207:Drivers/STM32F1xx_HAL_Driver/Src/stm32f1xx_hal.c **** 
 208:Drivers/STM32F1xx_HAL_Driver/Src/stm32f1xx_hal.c ****   /* Return function status */
 209:Drivers/STM32F1xx_HAL_Driver/Src/stm32f1xx_hal.c ****   return HAL_OK;
 210:Drivers/STM32F1xx_HAL_Driver/Src/stm32f1xx_hal.c **** }
 211:Drivers/STM32F1xx_HAL_Driver/Src/stm32f1xx_hal.c **** 
 212:Drivers/STM32F1xx_HAL_Driver/Src/stm32f1xx_hal.c **** /**
 213:Drivers/STM32F1xx_HAL_Driver/Src/stm32f1xx_hal.c ****   * @brief  Initialize the MSP.
 214:Drivers/STM32F1xx_HAL_Driver/Src/stm32f1xx_hal.c ****   * @retval None
 215:Drivers/STM32F1xx_HAL_Driver/Src/stm32f1xx_hal.c ****   */
 216:Drivers/STM32F1xx_HAL_Driver/Src/stm32f1xx_hal.c **** __weak void HAL_MspInit(void)
 217:Drivers/STM32F1xx_HAL_Driver/Src/stm32f1xx_hal.c **** {
  27              		.loc 1 217 1 view -0
  28              		.cfi_startproc
  29              		@ args = 0, pretend = 0, frame = 0
  30              		@ frame_needed = 0, uses_anonymous_args = 0
  31              		@ link register save eliminated.
 218:Drivers/STM32F1xx_HAL_Driver/Src/stm32f1xx_hal.c ****   /* NOTE : This function should not be modified, when the callback is needed,
 219:Drivers/STM32F1xx_HAL_Driver/Src/stm32f1xx_hal.c ****             the HAL_MspInit could be implemented in the user file
 220:Drivers/STM32F1xx_HAL_Driver/Src/stm32f1xx_hal.c ****    */
 221:Drivers/STM32F1xx_HAL_Driver/Src/stm32f1xx_hal.c **** }
  32              		.loc 1 221 1 view .LVU1
  33 0000 7047     		bx	lr
  34              		.cfi_endproc
  35              	.LFE68:
  37              		.section	.text.HAL_MspDeInit,"ax",%progbits
  38              		.align	1
  39              		.weak	HAL_MspDeInit
  40              		.syntax unified
  41              		.thumb
  42              		.thumb_func
  43              		.fpu softvfp
  45              	HAL_MspDeInit:
  46              	.LFB69:
 222:Drivers/STM32F1xx_HAL_Driver/Src/stm32f1xx_hal.c **** 
 223:Drivers/STM32F1xx_HAL_Driver/Src/stm32f1xx_hal.c **** /**
 224:Drivers/STM32F1xx_HAL_Driver/Src/stm32f1xx_hal.c ****   * @brief  DeInitializes the MSP.
 225:Drivers/STM32F1xx_HAL_Driver/Src/stm32f1xx_hal.c ****   * @retval None
 226:Drivers/STM32F1xx_HAL_Driver/Src/stm32f1xx_hal.c ****   */
 227:Drivers/STM32F1xx_HAL_Driver/Src/stm32f1xx_hal.c **** __weak void HAL_MspDeInit(void)
 228:Drivers/STM32F1xx_HAL_Driver/Src/stm32f1xx_hal.c **** {
  47              		.loc 1 228 1 view -0
  48              		.cfi_startproc
  49              		@ args = 0, pretend = 0, frame = 0
  50              		@ frame_needed = 0, uses_anonymous_args = 0
  51              		@ link register save eliminated.
 229:Drivers/STM32F1xx_HAL_Driver/Src/stm32f1xx_hal.c ****   /* NOTE : This function should not be modified, when the callback is needed,
 230:Drivers/STM32F1xx_HAL_Driver/Src/stm32f1xx_hal.c ****             the HAL_MspDeInit could be implemented in the user file
 231:Drivers/STM32F1xx_HAL_Driver/Src/stm32f1xx_hal.c ****    */
 232:Drivers/STM32F1xx_HAL_Driver/Src/stm32f1xx_hal.c **** }
  52              		.loc 1 232 1 view .LVU3
  53 0000 7047     		bx	lr
  54              		.cfi_endproc
  55              	.LFE69:
  57              		.section	.text.HAL_DeInit,"ax",%progbits
ARM GAS  /tmp/ccxmrmed.s 			page 6


  58              		.align	1
  59              		.global	HAL_DeInit
  60              		.syntax unified
  61              		.thumb
  62              		.thumb_func
  63              		.fpu softvfp
  65              	HAL_DeInit:
  66              	.LFB67:
 192:Drivers/STM32F1xx_HAL_Driver/Src/stm32f1xx_hal.c ****   /* Reset of all peripherals */
  67              		.loc 1 192 1 view -0
  68              		.cfi_startproc
  69              		@ args = 0, pretend = 0, frame = 0
  70              		@ frame_needed = 0, uses_anonymous_args = 0
  71 0000 10B5     		push	{r4, lr}
  72              	.LCFI0:
  73              		.cfi_def_cfa_offset 8
  74              		.cfi_offset 4, -8
  75              		.cfi_offset 14, -4
 194:Drivers/STM32F1xx_HAL_Driver/Src/stm32f1xx_hal.c ****   __HAL_RCC_APB1_RELEASE_RESET();
  76              		.loc 1 194 3 view .LVU5
  77 0002 064B     		ldr	r3, .L5
  78 0004 4FF0FF32 		mov	r2, #-1
  79 0008 DA60     		str	r2, [r3, #12]
 195:Drivers/STM32F1xx_HAL_Driver/Src/stm32f1xx_hal.c **** 
  80              		.loc 1 195 3 view .LVU6
  81 000a 0024     		movs	r4, #0
  82 000c 1C61     		str	r4, [r3, #16]
 197:Drivers/STM32F1xx_HAL_Driver/Src/stm32f1xx_hal.c ****   __HAL_RCC_APB2_RELEASE_RESET();
  83              		.loc 1 197 3 view .LVU7
  84 000e DA60     		str	r2, [r3, #12]
 198:Drivers/STM32F1xx_HAL_Driver/Src/stm32f1xx_hal.c **** 
  85              		.loc 1 198 3 view .LVU8
  86 0010 DC60     		str	r4, [r3, #12]
 206:Drivers/STM32F1xx_HAL_Driver/Src/stm32f1xx_hal.c **** 
  87              		.loc 1 206 3 view .LVU9
  88 0012 FFF7FEFF 		bl	HAL_MspDeInit
  89              	.LVL0:
 209:Drivers/STM32F1xx_HAL_Driver/Src/stm32f1xx_hal.c **** }
  90              		.loc 1 209 3 view .LVU10
 210:Drivers/STM32F1xx_HAL_Driver/Src/stm32f1xx_hal.c **** 
  91              		.loc 1 210 1 is_stmt 0 view .LVU11
  92 0016 2046     		mov	r0, r4
  93 0018 10BD     		pop	{r4, pc}
  94              	.L6:
  95 001a 00BF     		.align	2
  96              	.L5:
  97 001c 00100240 		.word	1073876992
  98              		.cfi_endproc
  99              	.LFE67:
 101              		.section	.text.HAL_InitTick,"ax",%progbits
 102              		.align	1
 103              		.weak	HAL_InitTick
 104              		.syntax unified
 105              		.thumb
 106              		.thumb_func
 107              		.fpu softvfp
 109              	HAL_InitTick:
ARM GAS  /tmp/ccxmrmed.s 			page 7


 110              	.LVL1:
 111              	.LFB70:
 233:Drivers/STM32F1xx_HAL_Driver/Src/stm32f1xx_hal.c **** 
 234:Drivers/STM32F1xx_HAL_Driver/Src/stm32f1xx_hal.c **** /**
 235:Drivers/STM32F1xx_HAL_Driver/Src/stm32f1xx_hal.c ****   * @brief This function configures the source of the time base.
 236:Drivers/STM32F1xx_HAL_Driver/Src/stm32f1xx_hal.c ****   *        The time source is configured  to have 1ms time base with a dedicated
 237:Drivers/STM32F1xx_HAL_Driver/Src/stm32f1xx_hal.c ****   *        Tick interrupt priority.
 238:Drivers/STM32F1xx_HAL_Driver/Src/stm32f1xx_hal.c ****   * @note This function is called  automatically at the beginning of program after
 239:Drivers/STM32F1xx_HAL_Driver/Src/stm32f1xx_hal.c ****   *       reset by HAL_Init() or at any time when clock is reconfigured  by HAL_RCC_ClockConfig().
 240:Drivers/STM32F1xx_HAL_Driver/Src/stm32f1xx_hal.c ****   * @note In the default implementation, SysTick timer is the source of time base.
 241:Drivers/STM32F1xx_HAL_Driver/Src/stm32f1xx_hal.c ****   *       It is used to generate interrupts at regular time intervals.
 242:Drivers/STM32F1xx_HAL_Driver/Src/stm32f1xx_hal.c ****   *       Care must be taken if HAL_Delay() is called from a peripheral ISR process,
 243:Drivers/STM32F1xx_HAL_Driver/Src/stm32f1xx_hal.c ****   *       The SysTick interrupt must have higher priority (numerically lower)
 244:Drivers/STM32F1xx_HAL_Driver/Src/stm32f1xx_hal.c ****   *       than the peripheral interrupt. Otherwise the caller ISR process will be blocked.
 245:Drivers/STM32F1xx_HAL_Driver/Src/stm32f1xx_hal.c ****   *       The function is declared as __weak  to be overwritten  in case of other
 246:Drivers/STM32F1xx_HAL_Driver/Src/stm32f1xx_hal.c ****   *       implementation  in user file.
 247:Drivers/STM32F1xx_HAL_Driver/Src/stm32f1xx_hal.c ****   * @param TickPriority Tick interrupt priority.
 248:Drivers/STM32F1xx_HAL_Driver/Src/stm32f1xx_hal.c ****   * @retval HAL status
 249:Drivers/STM32F1xx_HAL_Driver/Src/stm32f1xx_hal.c ****   */
 250:Drivers/STM32F1xx_HAL_Driver/Src/stm32f1xx_hal.c **** __weak HAL_StatusTypeDef HAL_InitTick(uint32_t TickPriority)
 251:Drivers/STM32F1xx_HAL_Driver/Src/stm32f1xx_hal.c **** {
 112              		.loc 1 251 1 is_stmt 1 view -0
 113              		.cfi_startproc
 114              		@ args = 0, pretend = 0, frame = 0
 115              		@ frame_needed = 0, uses_anonymous_args = 0
 116              		.loc 1 251 1 is_stmt 0 view .LVU13
 117 0000 10B5     		push	{r4, lr}
 118              	.LCFI1:
 119              		.cfi_def_cfa_offset 8
 120              		.cfi_offset 4, -8
 121              		.cfi_offset 14, -4
 122 0002 0446     		mov	r4, r0
 252:Drivers/STM32F1xx_HAL_Driver/Src/stm32f1xx_hal.c ****   /* Configure the SysTick to have interrupt in 1ms time basis*/
 253:Drivers/STM32F1xx_HAL_Driver/Src/stm32f1xx_hal.c ****   if (HAL_SYSTICK_Config(SystemCoreClock / (1000U / uwTickFreq)) > 0U)
 123              		.loc 1 253 3 is_stmt 1 view .LVU14
 124              		.loc 1 253 51 is_stmt 0 view .LVU15
 125 0004 0E4B     		ldr	r3, .L13
 126 0006 1878     		ldrb	r0, [r3]	@ zero_extendqisi2
 127              	.LVL2:
 128              		.loc 1 253 51 view .LVU16
 129 0008 4FF47A73 		mov	r3, #1000
 130 000c B3FBF0F3 		udiv	r3, r3, r0
 131              		.loc 1 253 7 view .LVU17
 132 0010 0C4A     		ldr	r2, .L13+4
 133 0012 1068     		ldr	r0, [r2]
 134 0014 B0FBF3F0 		udiv	r0, r0, r3
 135 0018 FFF7FEFF 		bl	HAL_SYSTICK_Config
 136              	.LVL3:
 137              		.loc 1 253 6 view .LVU18
 138 001c 68B9     		cbnz	r0, .L9
 254:Drivers/STM32F1xx_HAL_Driver/Src/stm32f1xx_hal.c ****   {
 255:Drivers/STM32F1xx_HAL_Driver/Src/stm32f1xx_hal.c ****     return HAL_ERROR;
 256:Drivers/STM32F1xx_HAL_Driver/Src/stm32f1xx_hal.c ****   }
 257:Drivers/STM32F1xx_HAL_Driver/Src/stm32f1xx_hal.c **** 
 258:Drivers/STM32F1xx_HAL_Driver/Src/stm32f1xx_hal.c ****   /* Configure the SysTick IRQ priority */
 259:Drivers/STM32F1xx_HAL_Driver/Src/stm32f1xx_hal.c ****   if (TickPriority < (1UL << __NVIC_PRIO_BITS))
 139              		.loc 1 259 3 is_stmt 1 view .LVU19
ARM GAS  /tmp/ccxmrmed.s 			page 8


 140              		.loc 1 259 6 is_stmt 0 view .LVU20
 141 001e 0F2C     		cmp	r4, #15
 142 0020 01D9     		bls	.L12
 260:Drivers/STM32F1xx_HAL_Driver/Src/stm32f1xx_hal.c ****   {
 261:Drivers/STM32F1xx_HAL_Driver/Src/stm32f1xx_hal.c ****     HAL_NVIC_SetPriority(SysTick_IRQn, TickPriority, 0U);
 262:Drivers/STM32F1xx_HAL_Driver/Src/stm32f1xx_hal.c ****     uwTickPrio = TickPriority;
 263:Drivers/STM32F1xx_HAL_Driver/Src/stm32f1xx_hal.c ****   }
 264:Drivers/STM32F1xx_HAL_Driver/Src/stm32f1xx_hal.c ****   else
 265:Drivers/STM32F1xx_HAL_Driver/Src/stm32f1xx_hal.c ****   {
 266:Drivers/STM32F1xx_HAL_Driver/Src/stm32f1xx_hal.c ****     return HAL_ERROR;
 143              		.loc 1 266 12 view .LVU21
 144 0022 0120     		movs	r0, #1
 145 0024 0AE0     		b	.L8
 146              	.L12:
 261:Drivers/STM32F1xx_HAL_Driver/Src/stm32f1xx_hal.c ****     uwTickPrio = TickPriority;
 147              		.loc 1 261 5 is_stmt 1 view .LVU22
 148 0026 0022     		movs	r2, #0
 149 0028 2146     		mov	r1, r4
 150 002a 4FF0FF30 		mov	r0, #-1
 151 002e FFF7FEFF 		bl	HAL_NVIC_SetPriority
 152              	.LVL4:
 262:Drivers/STM32F1xx_HAL_Driver/Src/stm32f1xx_hal.c ****   }
 153              		.loc 1 262 5 view .LVU23
 262:Drivers/STM32F1xx_HAL_Driver/Src/stm32f1xx_hal.c ****   }
 154              		.loc 1 262 16 is_stmt 0 view .LVU24
 155 0032 054B     		ldr	r3, .L13+8
 156 0034 1C60     		str	r4, [r3]
 267:Drivers/STM32F1xx_HAL_Driver/Src/stm32f1xx_hal.c ****   }
 268:Drivers/STM32F1xx_HAL_Driver/Src/stm32f1xx_hal.c **** 
 269:Drivers/STM32F1xx_HAL_Driver/Src/stm32f1xx_hal.c ****   /* Return function status */
 270:Drivers/STM32F1xx_HAL_Driver/Src/stm32f1xx_hal.c ****   return HAL_OK;
 157              		.loc 1 270 3 is_stmt 1 view .LVU25
 158              		.loc 1 270 10 is_stmt 0 view .LVU26
 159 0036 0020     		movs	r0, #0
 160 0038 00E0     		b	.L8
 161              	.L9:
 255:Drivers/STM32F1xx_HAL_Driver/Src/stm32f1xx_hal.c ****   }
 162              		.loc 1 255 12 view .LVU27
 163 003a 0120     		movs	r0, #1
 164              	.L8:
 271:Drivers/STM32F1xx_HAL_Driver/Src/stm32f1xx_hal.c **** }
 165              		.loc 1 271 1 view .LVU28
 166 003c 10BD     		pop	{r4, pc}
 167              	.LVL5:
 168              	.L14:
 169              		.loc 1 271 1 view .LVU29
 170 003e 00BF     		.align	2
 171              	.L13:
 172 0040 00000000 		.word	.LANCHOR0
 173 0044 00000000 		.word	SystemCoreClock
 174 0048 00000000 		.word	.LANCHOR1
 175              		.cfi_endproc
 176              	.LFE70:
 178              		.section	.text.HAL_Init,"ax",%progbits
 179              		.align	1
 180              		.global	HAL_Init
 181              		.syntax unified
ARM GAS  /tmp/ccxmrmed.s 			page 9


 182              		.thumb
 183              		.thumb_func
 184              		.fpu softvfp
 186              	HAL_Init:
 187              	.LFB66:
 159:Drivers/STM32F1xx_HAL_Driver/Src/stm32f1xx_hal.c ****   /* Configure Flash prefetch */
 188              		.loc 1 159 1 is_stmt 1 view -0
 189              		.cfi_startproc
 190              		@ args = 0, pretend = 0, frame = 0
 191              		@ frame_needed = 0, uses_anonymous_args = 0
 192 0000 08B5     		push	{r3, lr}
 193              	.LCFI2:
 194              		.cfi_def_cfa_offset 8
 195              		.cfi_offset 3, -8
 196              		.cfi_offset 14, -4
 173:Drivers/STM32F1xx_HAL_Driver/Src/stm32f1xx_hal.c **** 
 197              		.loc 1 173 3 view .LVU31
 198 0002 0320     		movs	r0, #3
 199 0004 FFF7FEFF 		bl	HAL_NVIC_SetPriorityGrouping
 200              	.LVL6:
 176:Drivers/STM32F1xx_HAL_Driver/Src/stm32f1xx_hal.c **** 
 201              		.loc 1 176 3 view .LVU32
 202 0008 0020     		movs	r0, #0
 203 000a FFF7FEFF 		bl	HAL_InitTick
 204              	.LVL7:
 179:Drivers/STM32F1xx_HAL_Driver/Src/stm32f1xx_hal.c **** 
 205              		.loc 1 179 3 view .LVU33
 206 000e FFF7FEFF 		bl	HAL_MspInit
 207              	.LVL8:
 182:Drivers/STM32F1xx_HAL_Driver/Src/stm32f1xx_hal.c **** }
 208              		.loc 1 182 3 view .LVU34
 183:Drivers/STM32F1xx_HAL_Driver/Src/stm32f1xx_hal.c **** 
 209              		.loc 1 183 1 is_stmt 0 view .LVU35
 210 0012 0020     		movs	r0, #0
 211 0014 08BD     		pop	{r3, pc}
 212              		.cfi_endproc
 213              	.LFE66:
 215              		.section	.text.HAL_IncTick,"ax",%progbits
 216              		.align	1
 217              		.weak	HAL_IncTick
 218              		.syntax unified
 219              		.thumb
 220              		.thumb_func
 221              		.fpu softvfp
 223              	HAL_IncTick:
 224              	.LFB71:
 272:Drivers/STM32F1xx_HAL_Driver/Src/stm32f1xx_hal.c **** 
 273:Drivers/STM32F1xx_HAL_Driver/Src/stm32f1xx_hal.c **** /**
 274:Drivers/STM32F1xx_HAL_Driver/Src/stm32f1xx_hal.c ****   * @}
 275:Drivers/STM32F1xx_HAL_Driver/Src/stm32f1xx_hal.c ****   */
 276:Drivers/STM32F1xx_HAL_Driver/Src/stm32f1xx_hal.c **** 
 277:Drivers/STM32F1xx_HAL_Driver/Src/stm32f1xx_hal.c **** /** @defgroup HAL_Exported_Functions_Group2 HAL Control functions
 278:Drivers/STM32F1xx_HAL_Driver/Src/stm32f1xx_hal.c ****   *  @brief    HAL Control functions
 279:Drivers/STM32F1xx_HAL_Driver/Src/stm32f1xx_hal.c ****   *
 280:Drivers/STM32F1xx_HAL_Driver/Src/stm32f1xx_hal.c **** @verbatim
 281:Drivers/STM32F1xx_HAL_Driver/Src/stm32f1xx_hal.c ****  ===============================================================================
 282:Drivers/STM32F1xx_HAL_Driver/Src/stm32f1xx_hal.c ****                       ##### HAL Control functions #####
ARM GAS  /tmp/ccxmrmed.s 			page 10


 283:Drivers/STM32F1xx_HAL_Driver/Src/stm32f1xx_hal.c ****  ===============================================================================
 284:Drivers/STM32F1xx_HAL_Driver/Src/stm32f1xx_hal.c ****     [..]  This section provides functions allowing to:
 285:Drivers/STM32F1xx_HAL_Driver/Src/stm32f1xx_hal.c ****       (+) Provide a tick value in millisecond
 286:Drivers/STM32F1xx_HAL_Driver/Src/stm32f1xx_hal.c ****       (+) Provide a blocking delay in millisecond
 287:Drivers/STM32F1xx_HAL_Driver/Src/stm32f1xx_hal.c ****       (+) Suspend the time base source interrupt
 288:Drivers/STM32F1xx_HAL_Driver/Src/stm32f1xx_hal.c ****       (+) Resume the time base source interrupt
 289:Drivers/STM32F1xx_HAL_Driver/Src/stm32f1xx_hal.c ****       (+) Get the HAL API driver version
 290:Drivers/STM32F1xx_HAL_Driver/Src/stm32f1xx_hal.c ****       (+) Get the device identifier
 291:Drivers/STM32F1xx_HAL_Driver/Src/stm32f1xx_hal.c ****       (+) Get the device revision identifier
 292:Drivers/STM32F1xx_HAL_Driver/Src/stm32f1xx_hal.c ****       (+) Enable/Disable Debug module during SLEEP mode
 293:Drivers/STM32F1xx_HAL_Driver/Src/stm32f1xx_hal.c ****       (+) Enable/Disable Debug module during STOP mode
 294:Drivers/STM32F1xx_HAL_Driver/Src/stm32f1xx_hal.c ****       (+) Enable/Disable Debug module during STANDBY mode
 295:Drivers/STM32F1xx_HAL_Driver/Src/stm32f1xx_hal.c **** 
 296:Drivers/STM32F1xx_HAL_Driver/Src/stm32f1xx_hal.c **** @endverbatim
 297:Drivers/STM32F1xx_HAL_Driver/Src/stm32f1xx_hal.c ****   * @{
 298:Drivers/STM32F1xx_HAL_Driver/Src/stm32f1xx_hal.c ****   */
 299:Drivers/STM32F1xx_HAL_Driver/Src/stm32f1xx_hal.c **** 
 300:Drivers/STM32F1xx_HAL_Driver/Src/stm32f1xx_hal.c **** /**
 301:Drivers/STM32F1xx_HAL_Driver/Src/stm32f1xx_hal.c ****   * @brief This function is called to increment  a global variable "uwTick"
 302:Drivers/STM32F1xx_HAL_Driver/Src/stm32f1xx_hal.c ****   *        used as application time base.
 303:Drivers/STM32F1xx_HAL_Driver/Src/stm32f1xx_hal.c ****   * @note In the default implementation, this variable is incremented each 1ms
 304:Drivers/STM32F1xx_HAL_Driver/Src/stm32f1xx_hal.c ****   *       in SysTick ISR.
 305:Drivers/STM32F1xx_HAL_Driver/Src/stm32f1xx_hal.c ****   * @note This function is declared as __weak to be overwritten in case of other
 306:Drivers/STM32F1xx_HAL_Driver/Src/stm32f1xx_hal.c ****   *      implementations in user file.
 307:Drivers/STM32F1xx_HAL_Driver/Src/stm32f1xx_hal.c ****   * @retval None
 308:Drivers/STM32F1xx_HAL_Driver/Src/stm32f1xx_hal.c ****   */
 309:Drivers/STM32F1xx_HAL_Driver/Src/stm32f1xx_hal.c **** __weak void HAL_IncTick(void)
 310:Drivers/STM32F1xx_HAL_Driver/Src/stm32f1xx_hal.c **** {
 225              		.loc 1 310 1 is_stmt 1 view -0
 226              		.cfi_startproc
 227              		@ args = 0, pretend = 0, frame = 0
 228              		@ frame_needed = 0, uses_anonymous_args = 0
 229              		@ link register save eliminated.
 311:Drivers/STM32F1xx_HAL_Driver/Src/stm32f1xx_hal.c ****   uwTick += uwTickFreq;
 230              		.loc 1 311 3 view .LVU37
 231              		.loc 1 311 10 is_stmt 0 view .LVU38
 232 0000 034A     		ldr	r2, .L18
 233 0002 1168     		ldr	r1, [r2]
 234 0004 034B     		ldr	r3, .L18+4
 235 0006 1B78     		ldrb	r3, [r3]	@ zero_extendqisi2
 236 0008 0B44     		add	r3, r3, r1
 237 000a 1360     		str	r3, [r2]
 312:Drivers/STM32F1xx_HAL_Driver/Src/stm32f1xx_hal.c **** }
 238              		.loc 1 312 1 view .LVU39
 239 000c 7047     		bx	lr
 240              	.L19:
 241 000e 00BF     		.align	2
 242              	.L18:
 243 0010 00000000 		.word	uwTick
 244 0014 00000000 		.word	.LANCHOR0
 245              		.cfi_endproc
 246              	.LFE71:
 248              		.section	.text.HAL_GetTick,"ax",%progbits
 249              		.align	1
 250              		.weak	HAL_GetTick
 251              		.syntax unified
 252              		.thumb
ARM GAS  /tmp/ccxmrmed.s 			page 11


 253              		.thumb_func
 254              		.fpu softvfp
 256              	HAL_GetTick:
 257              	.LFB72:
 313:Drivers/STM32F1xx_HAL_Driver/Src/stm32f1xx_hal.c **** 
 314:Drivers/STM32F1xx_HAL_Driver/Src/stm32f1xx_hal.c **** /**
 315:Drivers/STM32F1xx_HAL_Driver/Src/stm32f1xx_hal.c ****   * @brief Provides a tick value in millisecond.
 316:Drivers/STM32F1xx_HAL_Driver/Src/stm32f1xx_hal.c ****   * @note  This function is declared as __weak to be overwritten in case of other
 317:Drivers/STM32F1xx_HAL_Driver/Src/stm32f1xx_hal.c ****   *       implementations in user file.
 318:Drivers/STM32F1xx_HAL_Driver/Src/stm32f1xx_hal.c ****   * @retval tick value
 319:Drivers/STM32F1xx_HAL_Driver/Src/stm32f1xx_hal.c ****   */
 320:Drivers/STM32F1xx_HAL_Driver/Src/stm32f1xx_hal.c **** __weak uint32_t HAL_GetTick(void)
 321:Drivers/STM32F1xx_HAL_Driver/Src/stm32f1xx_hal.c **** {
 258              		.loc 1 321 1 is_stmt 1 view -0
 259              		.cfi_startproc
 260              		@ args = 0, pretend = 0, frame = 0
 261              		@ frame_needed = 0, uses_anonymous_args = 0
 262              		@ link register save eliminated.
 322:Drivers/STM32F1xx_HAL_Driver/Src/stm32f1xx_hal.c ****   return uwTick;
 263              		.loc 1 322 3 view .LVU41
 264              		.loc 1 322 10 is_stmt 0 view .LVU42
 265 0000 014B     		ldr	r3, .L21
 266 0002 1868     		ldr	r0, [r3]
 323:Drivers/STM32F1xx_HAL_Driver/Src/stm32f1xx_hal.c **** }
 267              		.loc 1 323 1 view .LVU43
 268 0004 7047     		bx	lr
 269              	.L22:
 270 0006 00BF     		.align	2
 271              	.L21:
 272 0008 00000000 		.word	uwTick
 273              		.cfi_endproc
 274              	.LFE72:
 276              		.section	.text.HAL_GetTickPrio,"ax",%progbits
 277              		.align	1
 278              		.global	HAL_GetTickPrio
 279              		.syntax unified
 280              		.thumb
 281              		.thumb_func
 282              		.fpu softvfp
 284              	HAL_GetTickPrio:
 285              	.LFB73:
 324:Drivers/STM32F1xx_HAL_Driver/Src/stm32f1xx_hal.c **** 
 325:Drivers/STM32F1xx_HAL_Driver/Src/stm32f1xx_hal.c **** /**
 326:Drivers/STM32F1xx_HAL_Driver/Src/stm32f1xx_hal.c ****   * @brief This function returns a tick priority.
 327:Drivers/STM32F1xx_HAL_Driver/Src/stm32f1xx_hal.c ****   * @retval tick priority
 328:Drivers/STM32F1xx_HAL_Driver/Src/stm32f1xx_hal.c ****   */
 329:Drivers/STM32F1xx_HAL_Driver/Src/stm32f1xx_hal.c **** uint32_t HAL_GetTickPrio(void)
 330:Drivers/STM32F1xx_HAL_Driver/Src/stm32f1xx_hal.c **** {
 286              		.loc 1 330 1 is_stmt 1 view -0
 287              		.cfi_startproc
 288              		@ args = 0, pretend = 0, frame = 0
 289              		@ frame_needed = 0, uses_anonymous_args = 0
 290              		@ link register save eliminated.
 331:Drivers/STM32F1xx_HAL_Driver/Src/stm32f1xx_hal.c ****   return uwTickPrio;
 291              		.loc 1 331 3 view .LVU45
 332:Drivers/STM32F1xx_HAL_Driver/Src/stm32f1xx_hal.c **** }
 292              		.loc 1 332 1 is_stmt 0 view .LVU46
ARM GAS  /tmp/ccxmrmed.s 			page 12


 293 0000 014B     		ldr	r3, .L24
 294 0002 1868     		ldr	r0, [r3]
 295 0004 7047     		bx	lr
 296              	.L25:
 297 0006 00BF     		.align	2
 298              	.L24:
 299 0008 00000000 		.word	.LANCHOR1
 300              		.cfi_endproc
 301              	.LFE73:
 303              		.section	.text.HAL_SetTickFreq,"ax",%progbits
 304              		.align	1
 305              		.global	HAL_SetTickFreq
 306              		.syntax unified
 307              		.thumb
 308              		.thumb_func
 309              		.fpu softvfp
 311              	HAL_SetTickFreq:
 312              	.LVL9:
 313              	.LFB74:
 333:Drivers/STM32F1xx_HAL_Driver/Src/stm32f1xx_hal.c **** 
 334:Drivers/STM32F1xx_HAL_Driver/Src/stm32f1xx_hal.c **** /**
 335:Drivers/STM32F1xx_HAL_Driver/Src/stm32f1xx_hal.c ****   * @brief Set new tick Freq.
 336:Drivers/STM32F1xx_HAL_Driver/Src/stm32f1xx_hal.c ****   * @retval Status
 337:Drivers/STM32F1xx_HAL_Driver/Src/stm32f1xx_hal.c ****   */
 338:Drivers/STM32F1xx_HAL_Driver/Src/stm32f1xx_hal.c **** HAL_StatusTypeDef HAL_SetTickFreq(HAL_TickFreqTypeDef Freq)
 339:Drivers/STM32F1xx_HAL_Driver/Src/stm32f1xx_hal.c **** {
 314              		.loc 1 339 1 is_stmt 1 view -0
 315              		.cfi_startproc
 316              		@ args = 0, pretend = 0, frame = 0
 317              		@ frame_needed = 0, uses_anonymous_args = 0
 318              		.loc 1 339 1 is_stmt 0 view .LVU48
 319 0000 08B5     		push	{r3, lr}
 320              	.LCFI3:
 321              		.cfi_def_cfa_offset 8
 322              		.cfi_offset 3, -8
 323              		.cfi_offset 14, -4
 340:Drivers/STM32F1xx_HAL_Driver/Src/stm32f1xx_hal.c ****   HAL_StatusTypeDef status  = HAL_OK;
 324              		.loc 1 340 3 is_stmt 1 view .LVU49
 325              	.LVL10:
 341:Drivers/STM32F1xx_HAL_Driver/Src/stm32f1xx_hal.c ****   assert_param(IS_TICKFREQ(Freq));
 326              		.loc 1 341 3 view .LVU50
 342:Drivers/STM32F1xx_HAL_Driver/Src/stm32f1xx_hal.c **** 
 343:Drivers/STM32F1xx_HAL_Driver/Src/stm32f1xx_hal.c ****   if (uwTickFreq != Freq)
 327              		.loc 1 343 3 view .LVU51
 328              		.loc 1 343 18 is_stmt 0 view .LVU52
 329 0002 064B     		ldr	r3, .L31
 330 0004 1B78     		ldrb	r3, [r3]	@ zero_extendqisi2
 331              		.loc 1 343 6 view .LVU53
 332 0006 8342     		cmp	r3, r0
 333 0008 01D1     		bne	.L30
 340:Drivers/STM32F1xx_HAL_Driver/Src/stm32f1xx_hal.c ****   assert_param(IS_TICKFREQ(Freq));
 334              		.loc 1 340 21 view .LVU54
 335 000a 0020     		movs	r0, #0
 336              	.LVL11:
 337              	.L27:
 344:Drivers/STM32F1xx_HAL_Driver/Src/stm32f1xx_hal.c ****   {
 345:Drivers/STM32F1xx_HAL_Driver/Src/stm32f1xx_hal.c ****     uwTickFreq = Freq;
ARM GAS  /tmp/ccxmrmed.s 			page 13


 346:Drivers/STM32F1xx_HAL_Driver/Src/stm32f1xx_hal.c **** 
 347:Drivers/STM32F1xx_HAL_Driver/Src/stm32f1xx_hal.c ****     /* Apply the new tick Freq  */
 348:Drivers/STM32F1xx_HAL_Driver/Src/stm32f1xx_hal.c ****     status = HAL_InitTick(uwTickPrio);
 349:Drivers/STM32F1xx_HAL_Driver/Src/stm32f1xx_hal.c ****   }
 350:Drivers/STM32F1xx_HAL_Driver/Src/stm32f1xx_hal.c **** 
 351:Drivers/STM32F1xx_HAL_Driver/Src/stm32f1xx_hal.c ****   return status;
 338              		.loc 1 351 3 is_stmt 1 view .LVU55
 352:Drivers/STM32F1xx_HAL_Driver/Src/stm32f1xx_hal.c **** }
 339              		.loc 1 352 1 is_stmt 0 view .LVU56
 340 000c 08BD     		pop	{r3, pc}
 341              	.LVL12:
 342              	.L30:
 345:Drivers/STM32F1xx_HAL_Driver/Src/stm32f1xx_hal.c **** 
 343              		.loc 1 345 5 is_stmt 1 view .LVU57
 345:Drivers/STM32F1xx_HAL_Driver/Src/stm32f1xx_hal.c **** 
 344              		.loc 1 345 16 is_stmt 0 view .LVU58
 345 000e 034B     		ldr	r3, .L31
 346 0010 1870     		strb	r0, [r3]
 348:Drivers/STM32F1xx_HAL_Driver/Src/stm32f1xx_hal.c ****   }
 347              		.loc 1 348 5 is_stmt 1 view .LVU59
 348:Drivers/STM32F1xx_HAL_Driver/Src/stm32f1xx_hal.c ****   }
 348              		.loc 1 348 14 is_stmt 0 view .LVU60
 349 0012 034B     		ldr	r3, .L31+4
 350 0014 1868     		ldr	r0, [r3]
 351              	.LVL13:
 348:Drivers/STM32F1xx_HAL_Driver/Src/stm32f1xx_hal.c ****   }
 352              		.loc 1 348 14 view .LVU61
 353 0016 FFF7FEFF 		bl	HAL_InitTick
 354              	.LVL14:
 348:Drivers/STM32F1xx_HAL_Driver/Src/stm32f1xx_hal.c ****   }
 355              		.loc 1 348 14 view .LVU62
 356 001a F7E7     		b	.L27
 357              	.L32:
 358              		.align	2
 359              	.L31:
 360 001c 00000000 		.word	.LANCHOR0
 361 0020 00000000 		.word	.LANCHOR1
 362              		.cfi_endproc
 363              	.LFE74:
 365              		.section	.text.HAL_GetTickFreq,"ax",%progbits
 366              		.align	1
 367              		.global	HAL_GetTickFreq
 368              		.syntax unified
 369              		.thumb
 370              		.thumb_func
 371              		.fpu softvfp
 373              	HAL_GetTickFreq:
 374              	.LFB75:
 353:Drivers/STM32F1xx_HAL_Driver/Src/stm32f1xx_hal.c **** 
 354:Drivers/STM32F1xx_HAL_Driver/Src/stm32f1xx_hal.c **** /**
 355:Drivers/STM32F1xx_HAL_Driver/Src/stm32f1xx_hal.c ****   * @brief Return tick frequency.
 356:Drivers/STM32F1xx_HAL_Driver/Src/stm32f1xx_hal.c ****   * @retval tick period in Hz
 357:Drivers/STM32F1xx_HAL_Driver/Src/stm32f1xx_hal.c ****   */
 358:Drivers/STM32F1xx_HAL_Driver/Src/stm32f1xx_hal.c **** HAL_TickFreqTypeDef HAL_GetTickFreq(void)
 359:Drivers/STM32F1xx_HAL_Driver/Src/stm32f1xx_hal.c **** {
 375              		.loc 1 359 1 is_stmt 1 view -0
 376              		.cfi_startproc
ARM GAS  /tmp/ccxmrmed.s 			page 14


 377              		@ args = 0, pretend = 0, frame = 0
 378              		@ frame_needed = 0, uses_anonymous_args = 0
 379              		@ link register save eliminated.
 360:Drivers/STM32F1xx_HAL_Driver/Src/stm32f1xx_hal.c ****   return uwTickFreq;
 380              		.loc 1 360 3 view .LVU64
 361:Drivers/STM32F1xx_HAL_Driver/Src/stm32f1xx_hal.c **** }
 381              		.loc 1 361 1 is_stmt 0 view .LVU65
 382 0000 014B     		ldr	r3, .L34
 383 0002 1878     		ldrb	r0, [r3]	@ zero_extendqisi2
 384 0004 7047     		bx	lr
 385              	.L35:
 386 0006 00BF     		.align	2
 387              	.L34:
 388 0008 00000000 		.word	.LANCHOR0
 389              		.cfi_endproc
 390              	.LFE75:
 392              		.section	.text.HAL_Delay,"ax",%progbits
 393              		.align	1
 394              		.weak	HAL_Delay
 395              		.syntax unified
 396              		.thumb
 397              		.thumb_func
 398              		.fpu softvfp
 400              	HAL_Delay:
 401              	.LVL15:
 402              	.LFB76:
 362:Drivers/STM32F1xx_HAL_Driver/Src/stm32f1xx_hal.c **** 
 363:Drivers/STM32F1xx_HAL_Driver/Src/stm32f1xx_hal.c **** /**
 364:Drivers/STM32F1xx_HAL_Driver/Src/stm32f1xx_hal.c ****   * @brief This function provides minimum delay (in milliseconds) based
 365:Drivers/STM32F1xx_HAL_Driver/Src/stm32f1xx_hal.c ****   *        on variable incremented.
 366:Drivers/STM32F1xx_HAL_Driver/Src/stm32f1xx_hal.c ****   * @note In the default implementation , SysTick timer is the source of time base.
 367:Drivers/STM32F1xx_HAL_Driver/Src/stm32f1xx_hal.c ****   *       It is used to generate interrupts at regular time intervals where uwTick
 368:Drivers/STM32F1xx_HAL_Driver/Src/stm32f1xx_hal.c ****   *       is incremented.
 369:Drivers/STM32F1xx_HAL_Driver/Src/stm32f1xx_hal.c ****   * @note This function is declared as __weak to be overwritten in case of other
 370:Drivers/STM32F1xx_HAL_Driver/Src/stm32f1xx_hal.c ****   *       implementations in user file.
 371:Drivers/STM32F1xx_HAL_Driver/Src/stm32f1xx_hal.c ****   * @param Delay specifies the delay time length, in milliseconds.
 372:Drivers/STM32F1xx_HAL_Driver/Src/stm32f1xx_hal.c ****   * @retval None
 373:Drivers/STM32F1xx_HAL_Driver/Src/stm32f1xx_hal.c ****   */
 374:Drivers/STM32F1xx_HAL_Driver/Src/stm32f1xx_hal.c **** __weak void HAL_Delay(uint32_t Delay)
 375:Drivers/STM32F1xx_HAL_Driver/Src/stm32f1xx_hal.c **** {
 403              		.loc 1 375 1 is_stmt 1 view -0
 404              		.cfi_startproc
 405              		@ args = 0, pretend = 0, frame = 0
 406              		@ frame_needed = 0, uses_anonymous_args = 0
 407              		.loc 1 375 1 is_stmt 0 view .LVU67
 408 0000 38B5     		push	{r3, r4, r5, lr}
 409              	.LCFI4:
 410              		.cfi_def_cfa_offset 16
 411              		.cfi_offset 3, -16
 412              		.cfi_offset 4, -12
 413              		.cfi_offset 5, -8
 414              		.cfi_offset 14, -4
 415 0002 0446     		mov	r4, r0
 376:Drivers/STM32F1xx_HAL_Driver/Src/stm32f1xx_hal.c ****   uint32_t tickstart = HAL_GetTick();
 416              		.loc 1 376 3 is_stmt 1 view .LVU68
 417              		.loc 1 376 24 is_stmt 0 view .LVU69
 418 0004 FFF7FEFF 		bl	HAL_GetTick
ARM GAS  /tmp/ccxmrmed.s 			page 15


 419              	.LVL16:
 420              		.loc 1 376 24 view .LVU70
 421 0008 0546     		mov	r5, r0
 422              	.LVL17:
 377:Drivers/STM32F1xx_HAL_Driver/Src/stm32f1xx_hal.c ****   uint32_t wait = Delay;
 423              		.loc 1 377 3 is_stmt 1 view .LVU71
 378:Drivers/STM32F1xx_HAL_Driver/Src/stm32f1xx_hal.c **** 
 379:Drivers/STM32F1xx_HAL_Driver/Src/stm32f1xx_hal.c ****   /* Add a freq to guarantee minimum wait */
 380:Drivers/STM32F1xx_HAL_Driver/Src/stm32f1xx_hal.c ****   if (wait < HAL_MAX_DELAY)
 424              		.loc 1 380 3 view .LVU72
 425              		.loc 1 380 6 is_stmt 0 view .LVU73
 426 000a B4F1FF3F 		cmp	r4, #-1
 427 000e 02D0     		beq	.L38
 381:Drivers/STM32F1xx_HAL_Driver/Src/stm32f1xx_hal.c ****   {
 382:Drivers/STM32F1xx_HAL_Driver/Src/stm32f1xx_hal.c ****     wait += (uint32_t)(uwTickFreq);
 428              		.loc 1 382 5 is_stmt 1 view .LVU74
 429              		.loc 1 382 13 is_stmt 0 view .LVU75
 430 0010 044B     		ldr	r3, .L40
 431 0012 1B78     		ldrb	r3, [r3]	@ zero_extendqisi2
 432              		.loc 1 382 10 view .LVU76
 433 0014 1C44     		add	r4, r4, r3
 434              	.LVL18:
 435              	.L38:
 383:Drivers/STM32F1xx_HAL_Driver/Src/stm32f1xx_hal.c ****   }
 384:Drivers/STM32F1xx_HAL_Driver/Src/stm32f1xx_hal.c **** 
 385:Drivers/STM32F1xx_HAL_Driver/Src/stm32f1xx_hal.c ****   while ((HAL_GetTick() - tickstart) < wait)
 386:Drivers/STM32F1xx_HAL_Driver/Src/stm32f1xx_hal.c ****   {
 387:Drivers/STM32F1xx_HAL_Driver/Src/stm32f1xx_hal.c ****   }
 436              		.loc 1 387 3 is_stmt 1 discriminator 1 view .LVU77
 385:Drivers/STM32F1xx_HAL_Driver/Src/stm32f1xx_hal.c ****   {
 437              		.loc 1 385 11 is_stmt 0 discriminator 1 view .LVU78
 438 0016 FFF7FEFF 		bl	HAL_GetTick
 439              	.LVL19:
 385:Drivers/STM32F1xx_HAL_Driver/Src/stm32f1xx_hal.c ****   {
 440              		.loc 1 385 25 discriminator 1 view .LVU79
 441 001a 401B     		subs	r0, r0, r5
 385:Drivers/STM32F1xx_HAL_Driver/Src/stm32f1xx_hal.c ****   {
 442              		.loc 1 385 9 discriminator 1 view .LVU80
 443 001c A042     		cmp	r0, r4
 444 001e FAD3     		bcc	.L38
 388:Drivers/STM32F1xx_HAL_Driver/Src/stm32f1xx_hal.c **** }
 445              		.loc 1 388 1 view .LVU81
 446 0020 38BD     		pop	{r3, r4, r5, pc}
 447              	.LVL20:
 448              	.L41:
 449              		.loc 1 388 1 view .LVU82
 450 0022 00BF     		.align	2
 451              	.L40:
 452 0024 00000000 		.word	.LANCHOR0
 453              		.cfi_endproc
 454              	.LFE76:
 456              		.section	.text.HAL_SuspendTick,"ax",%progbits
 457              		.align	1
 458              		.weak	HAL_SuspendTick
 459              		.syntax unified
 460              		.thumb
 461              		.thumb_func
ARM GAS  /tmp/ccxmrmed.s 			page 16


 462              		.fpu softvfp
 464              	HAL_SuspendTick:
 465              	.LFB77:
 389:Drivers/STM32F1xx_HAL_Driver/Src/stm32f1xx_hal.c **** 
 390:Drivers/STM32F1xx_HAL_Driver/Src/stm32f1xx_hal.c **** /**
 391:Drivers/STM32F1xx_HAL_Driver/Src/stm32f1xx_hal.c ****   * @brief Suspend Tick increment.
 392:Drivers/STM32F1xx_HAL_Driver/Src/stm32f1xx_hal.c ****   * @note In the default implementation , SysTick timer is the source of time base. It is
 393:Drivers/STM32F1xx_HAL_Driver/Src/stm32f1xx_hal.c ****   *       used to generate interrupts at regular time intervals. Once HAL_SuspendTick()
 394:Drivers/STM32F1xx_HAL_Driver/Src/stm32f1xx_hal.c ****   *       is called, the SysTick interrupt will be disabled and so Tick increment
 395:Drivers/STM32F1xx_HAL_Driver/Src/stm32f1xx_hal.c ****   *       is suspended.
 396:Drivers/STM32F1xx_HAL_Driver/Src/stm32f1xx_hal.c ****   * @note This function is declared as __weak to be overwritten in case of other
 397:Drivers/STM32F1xx_HAL_Driver/Src/stm32f1xx_hal.c ****   *       implementations in user file.
 398:Drivers/STM32F1xx_HAL_Driver/Src/stm32f1xx_hal.c ****   * @retval None
 399:Drivers/STM32F1xx_HAL_Driver/Src/stm32f1xx_hal.c ****   */
 400:Drivers/STM32F1xx_HAL_Driver/Src/stm32f1xx_hal.c **** __weak void HAL_SuspendTick(void)
 401:Drivers/STM32F1xx_HAL_Driver/Src/stm32f1xx_hal.c **** {
 466              		.loc 1 401 1 is_stmt 1 view -0
 467              		.cfi_startproc
 468              		@ args = 0, pretend = 0, frame = 0
 469              		@ frame_needed = 0, uses_anonymous_args = 0
 470              		@ link register save eliminated.
 402:Drivers/STM32F1xx_HAL_Driver/Src/stm32f1xx_hal.c ****   /* Disable SysTick Interrupt */
 403:Drivers/STM32F1xx_HAL_Driver/Src/stm32f1xx_hal.c ****   CLEAR_BIT(SysTick->CTRL, SysTick_CTRL_TICKINT_Msk);
 471              		.loc 1 403 3 view .LVU84
 472 0000 024A     		ldr	r2, .L43
 473 0002 1368     		ldr	r3, [r2]
 474 0004 23F00203 		bic	r3, r3, #2
 475 0008 1360     		str	r3, [r2]
 404:Drivers/STM32F1xx_HAL_Driver/Src/stm32f1xx_hal.c **** }
 476              		.loc 1 404 1 is_stmt 0 view .LVU85
 477 000a 7047     		bx	lr
 478              	.L44:
 479              		.align	2
 480              	.L43:
 481 000c 10E000E0 		.word	-536813552
 482              		.cfi_endproc
 483              	.LFE77:
 485              		.section	.text.HAL_ResumeTick,"ax",%progbits
 486              		.align	1
 487              		.weak	HAL_ResumeTick
 488              		.syntax unified
 489              		.thumb
 490              		.thumb_func
 491              		.fpu softvfp
 493              	HAL_ResumeTick:
 494              	.LFB78:
 405:Drivers/STM32F1xx_HAL_Driver/Src/stm32f1xx_hal.c **** 
 406:Drivers/STM32F1xx_HAL_Driver/Src/stm32f1xx_hal.c **** /**
 407:Drivers/STM32F1xx_HAL_Driver/Src/stm32f1xx_hal.c ****   * @brief Resume Tick increment.
 408:Drivers/STM32F1xx_HAL_Driver/Src/stm32f1xx_hal.c ****   * @note In the default implementation , SysTick timer is the source of time base. It is
 409:Drivers/STM32F1xx_HAL_Driver/Src/stm32f1xx_hal.c ****   *       used to generate interrupts at regular time intervals. Once HAL_ResumeTick()
 410:Drivers/STM32F1xx_HAL_Driver/Src/stm32f1xx_hal.c ****   *       is called, the SysTick interrupt will be enabled and so Tick increment
 411:Drivers/STM32F1xx_HAL_Driver/Src/stm32f1xx_hal.c ****   *       is resumed.
 412:Drivers/STM32F1xx_HAL_Driver/Src/stm32f1xx_hal.c ****   * @note This function is declared as __weak to be overwritten in case of other
 413:Drivers/STM32F1xx_HAL_Driver/Src/stm32f1xx_hal.c ****   *       implementations in user file.
 414:Drivers/STM32F1xx_HAL_Driver/Src/stm32f1xx_hal.c ****   * @retval None
 415:Drivers/STM32F1xx_HAL_Driver/Src/stm32f1xx_hal.c ****   */
ARM GAS  /tmp/ccxmrmed.s 			page 17


 416:Drivers/STM32F1xx_HAL_Driver/Src/stm32f1xx_hal.c **** __weak void HAL_ResumeTick(void)
 417:Drivers/STM32F1xx_HAL_Driver/Src/stm32f1xx_hal.c **** {
 495              		.loc 1 417 1 is_stmt 1 view -0
 496              		.cfi_startproc
 497              		@ args = 0, pretend = 0, frame = 0
 498              		@ frame_needed = 0, uses_anonymous_args = 0
 499              		@ link register save eliminated.
 418:Drivers/STM32F1xx_HAL_Driver/Src/stm32f1xx_hal.c ****   /* Enable SysTick Interrupt */
 419:Drivers/STM32F1xx_HAL_Driver/Src/stm32f1xx_hal.c ****   SET_BIT(SysTick->CTRL, SysTick_CTRL_TICKINT_Msk);
 500              		.loc 1 419 3 view .LVU87
 501 0000 024A     		ldr	r2, .L46
 502 0002 1368     		ldr	r3, [r2]
 503 0004 43F00203 		orr	r3, r3, #2
 504 0008 1360     		str	r3, [r2]
 420:Drivers/STM32F1xx_HAL_Driver/Src/stm32f1xx_hal.c **** }
 505              		.loc 1 420 1 is_stmt 0 view .LVU88
 506 000a 7047     		bx	lr
 507              	.L47:
 508              		.align	2
 509              	.L46:
 510 000c 10E000E0 		.word	-536813552
 511              		.cfi_endproc
 512              	.LFE78:
 514              		.section	.text.HAL_GetHalVersion,"ax",%progbits
 515              		.align	1
 516              		.global	HAL_GetHalVersion
 517              		.syntax unified
 518              		.thumb
 519              		.thumb_func
 520              		.fpu softvfp
 522              	HAL_GetHalVersion:
 523              	.LFB79:
 421:Drivers/STM32F1xx_HAL_Driver/Src/stm32f1xx_hal.c **** 
 422:Drivers/STM32F1xx_HAL_Driver/Src/stm32f1xx_hal.c **** /**
 423:Drivers/STM32F1xx_HAL_Driver/Src/stm32f1xx_hal.c ****   * @brief  Returns the HAL revision
 424:Drivers/STM32F1xx_HAL_Driver/Src/stm32f1xx_hal.c ****   * @retval version 0xXYZR (8bits for each decimal, R for RC)
 425:Drivers/STM32F1xx_HAL_Driver/Src/stm32f1xx_hal.c ****   */
 426:Drivers/STM32F1xx_HAL_Driver/Src/stm32f1xx_hal.c **** uint32_t HAL_GetHalVersion(void)
 427:Drivers/STM32F1xx_HAL_Driver/Src/stm32f1xx_hal.c **** {
 524              		.loc 1 427 1 is_stmt 1 view -0
 525              		.cfi_startproc
 526              		@ args = 0, pretend = 0, frame = 0
 527              		@ frame_needed = 0, uses_anonymous_args = 0
 528              		@ link register save eliminated.
 428:Drivers/STM32F1xx_HAL_Driver/Src/stm32f1xx_hal.c ****   return __STM32F1xx_HAL_VERSION;
 529              		.loc 1 428 3 view .LVU90
 429:Drivers/STM32F1xx_HAL_Driver/Src/stm32f1xx_hal.c **** }
 530              		.loc 1 429 1 is_stmt 0 view .LVU91
 531 0000 0048     		ldr	r0, .L49
 532 0002 7047     		bx	lr
 533              	.L50:
 534              		.align	2
 535              	.L49:
 536 0004 00030101 		.word	16843520
 537              		.cfi_endproc
 538              	.LFE79:
 540              		.section	.text.HAL_GetREVID,"ax",%progbits
ARM GAS  /tmp/ccxmrmed.s 			page 18


 541              		.align	1
 542              		.global	HAL_GetREVID
 543              		.syntax unified
 544              		.thumb
 545              		.thumb_func
 546              		.fpu softvfp
 548              	HAL_GetREVID:
 549              	.LFB80:
 430:Drivers/STM32F1xx_HAL_Driver/Src/stm32f1xx_hal.c **** 
 431:Drivers/STM32F1xx_HAL_Driver/Src/stm32f1xx_hal.c **** /**
 432:Drivers/STM32F1xx_HAL_Driver/Src/stm32f1xx_hal.c ****   * @brief Returns the device revision identifier.
 433:Drivers/STM32F1xx_HAL_Driver/Src/stm32f1xx_hal.c ****   * Note: On devices STM32F10xx8 and STM32F10xxB,
 434:Drivers/STM32F1xx_HAL_Driver/Src/stm32f1xx_hal.c ****   *                  STM32F101xC/D/E and STM32F103xC/D/E,
 435:Drivers/STM32F1xx_HAL_Driver/Src/stm32f1xx_hal.c ****   *                  STM32F101xF/G and STM32F103xF/G
 436:Drivers/STM32F1xx_HAL_Driver/Src/stm32f1xx_hal.c ****   *                  STM32F10xx4 and STM32F10xx6
 437:Drivers/STM32F1xx_HAL_Driver/Src/stm32f1xx_hal.c ****   *       Debug registers DBGMCU_IDCODE and DBGMCU_CR are accessible only in
 438:Drivers/STM32F1xx_HAL_Driver/Src/stm32f1xx_hal.c ****   *       debug mode (not accessible by the user software in normal mode).
 439:Drivers/STM32F1xx_HAL_Driver/Src/stm32f1xx_hal.c ****   *       Refer to errata sheet of these devices for more details.
 440:Drivers/STM32F1xx_HAL_Driver/Src/stm32f1xx_hal.c ****   * @retval Device revision identifier
 441:Drivers/STM32F1xx_HAL_Driver/Src/stm32f1xx_hal.c ****   */
 442:Drivers/STM32F1xx_HAL_Driver/Src/stm32f1xx_hal.c **** uint32_t HAL_GetREVID(void)
 443:Drivers/STM32F1xx_HAL_Driver/Src/stm32f1xx_hal.c **** {
 550              		.loc 1 443 1 is_stmt 1 view -0
 551              		.cfi_startproc
 552              		@ args = 0, pretend = 0, frame = 0
 553              		@ frame_needed = 0, uses_anonymous_args = 0
 554              		@ link register save eliminated.
 444:Drivers/STM32F1xx_HAL_Driver/Src/stm32f1xx_hal.c ****   return ((DBGMCU->IDCODE) >> DBGMCU_IDCODE_REV_ID_Pos);
 555              		.loc 1 444 3 view .LVU93
 556              		.loc 1 444 18 is_stmt 0 view .LVU94
 557 0000 014B     		ldr	r3, .L52
 558 0002 1868     		ldr	r0, [r3]
 445:Drivers/STM32F1xx_HAL_Driver/Src/stm32f1xx_hal.c **** }
 559              		.loc 1 445 1 view .LVU95
 560 0004 000C     		lsrs	r0, r0, #16
 561 0006 7047     		bx	lr
 562              	.L53:
 563              		.align	2
 564              	.L52:
 565 0008 002004E0 		.word	-536600576
 566              		.cfi_endproc
 567              	.LFE80:
 569              		.section	.text.HAL_GetDEVID,"ax",%progbits
 570              		.align	1
 571              		.global	HAL_GetDEVID
 572              		.syntax unified
 573              		.thumb
 574              		.thumb_func
 575              		.fpu softvfp
 577              	HAL_GetDEVID:
 578              	.LFB81:
 446:Drivers/STM32F1xx_HAL_Driver/Src/stm32f1xx_hal.c **** 
 447:Drivers/STM32F1xx_HAL_Driver/Src/stm32f1xx_hal.c **** /**
 448:Drivers/STM32F1xx_HAL_Driver/Src/stm32f1xx_hal.c ****   * @brief  Returns the device identifier.
 449:Drivers/STM32F1xx_HAL_Driver/Src/stm32f1xx_hal.c ****   * Note: On devices STM32F10xx8 and STM32F10xxB,
 450:Drivers/STM32F1xx_HAL_Driver/Src/stm32f1xx_hal.c ****   *                  STM32F101xC/D/E and STM32F103xC/D/E,
 451:Drivers/STM32F1xx_HAL_Driver/Src/stm32f1xx_hal.c ****   *                  STM32F101xF/G and STM32F103xF/G
ARM GAS  /tmp/ccxmrmed.s 			page 19


 452:Drivers/STM32F1xx_HAL_Driver/Src/stm32f1xx_hal.c ****   *                  STM32F10xx4 and STM32F10xx6
 453:Drivers/STM32F1xx_HAL_Driver/Src/stm32f1xx_hal.c ****   *       Debug registers DBGMCU_IDCODE and DBGMCU_CR are accessible only in
 454:Drivers/STM32F1xx_HAL_Driver/Src/stm32f1xx_hal.c ****   *       debug mode (not accessible by the user software in normal mode).
 455:Drivers/STM32F1xx_HAL_Driver/Src/stm32f1xx_hal.c ****   *       Refer to errata sheet of these devices for more details.
 456:Drivers/STM32F1xx_HAL_Driver/Src/stm32f1xx_hal.c ****   * @retval Device identifier
 457:Drivers/STM32F1xx_HAL_Driver/Src/stm32f1xx_hal.c ****   */
 458:Drivers/STM32F1xx_HAL_Driver/Src/stm32f1xx_hal.c **** uint32_t HAL_GetDEVID(void)
 459:Drivers/STM32F1xx_HAL_Driver/Src/stm32f1xx_hal.c **** {
 579              		.loc 1 459 1 is_stmt 1 view -0
 580              		.cfi_startproc
 581              		@ args = 0, pretend = 0, frame = 0
 582              		@ frame_needed = 0, uses_anonymous_args = 0
 583              		@ link register save eliminated.
 460:Drivers/STM32F1xx_HAL_Driver/Src/stm32f1xx_hal.c ****   return ((DBGMCU->IDCODE) & IDCODE_DEVID_MASK);
 584              		.loc 1 460 3 view .LVU97
 585              		.loc 1 460 18 is_stmt 0 view .LVU98
 586 0000 024B     		ldr	r3, .L55
 587 0002 1868     		ldr	r0, [r3]
 461:Drivers/STM32F1xx_HAL_Driver/Src/stm32f1xx_hal.c **** }
 588              		.loc 1 461 1 view .LVU99
 589 0004 C0F30B00 		ubfx	r0, r0, #0, #12
 590 0008 7047     		bx	lr
 591              	.L56:
 592 000a 00BF     		.align	2
 593              	.L55:
 594 000c 002004E0 		.word	-536600576
 595              		.cfi_endproc
 596              	.LFE81:
 598              		.section	.text.HAL_DBGMCU_EnableDBGSleepMode,"ax",%progbits
 599              		.align	1
 600              		.global	HAL_DBGMCU_EnableDBGSleepMode
 601              		.syntax unified
 602              		.thumb
 603              		.thumb_func
 604              		.fpu softvfp
 606              	HAL_DBGMCU_EnableDBGSleepMode:
 607              	.LFB82:
 462:Drivers/STM32F1xx_HAL_Driver/Src/stm32f1xx_hal.c **** 
 463:Drivers/STM32F1xx_HAL_Driver/Src/stm32f1xx_hal.c **** /**
 464:Drivers/STM32F1xx_HAL_Driver/Src/stm32f1xx_hal.c ****   * @brief  Enable the Debug Module during SLEEP mode
 465:Drivers/STM32F1xx_HAL_Driver/Src/stm32f1xx_hal.c ****   * @retval None
 466:Drivers/STM32F1xx_HAL_Driver/Src/stm32f1xx_hal.c ****   */
 467:Drivers/STM32F1xx_HAL_Driver/Src/stm32f1xx_hal.c **** void HAL_DBGMCU_EnableDBGSleepMode(void)
 468:Drivers/STM32F1xx_HAL_Driver/Src/stm32f1xx_hal.c **** {
 608              		.loc 1 468 1 is_stmt 1 view -0
 609              		.cfi_startproc
 610              		@ args = 0, pretend = 0, frame = 0
 611              		@ frame_needed = 0, uses_anonymous_args = 0
 612              		@ link register save eliminated.
 469:Drivers/STM32F1xx_HAL_Driver/Src/stm32f1xx_hal.c ****   SET_BIT(DBGMCU->CR, DBGMCU_CR_DBG_SLEEP);
 613              		.loc 1 469 3 view .LVU101
 614 0000 024A     		ldr	r2, .L58
 615 0002 5368     		ldr	r3, [r2, #4]
 616 0004 43F00103 		orr	r3, r3, #1
 617 0008 5360     		str	r3, [r2, #4]
 470:Drivers/STM32F1xx_HAL_Driver/Src/stm32f1xx_hal.c **** }
 618              		.loc 1 470 1 is_stmt 0 view .LVU102
ARM GAS  /tmp/ccxmrmed.s 			page 20


 619 000a 7047     		bx	lr
 620              	.L59:
 621              		.align	2
 622              	.L58:
 623 000c 002004E0 		.word	-536600576
 624              		.cfi_endproc
 625              	.LFE82:
 627              		.section	.text.HAL_DBGMCU_DisableDBGSleepMode,"ax",%progbits
 628              		.align	1
 629              		.global	HAL_DBGMCU_DisableDBGSleepMode
 630              		.syntax unified
 631              		.thumb
 632              		.thumb_func
 633              		.fpu softvfp
 635              	HAL_DBGMCU_DisableDBGSleepMode:
 636              	.LFB83:
 471:Drivers/STM32F1xx_HAL_Driver/Src/stm32f1xx_hal.c **** 
 472:Drivers/STM32F1xx_HAL_Driver/Src/stm32f1xx_hal.c **** /**
 473:Drivers/STM32F1xx_HAL_Driver/Src/stm32f1xx_hal.c ****   * @brief  Disable the Debug Module during SLEEP mode
 474:Drivers/STM32F1xx_HAL_Driver/Src/stm32f1xx_hal.c ****   * Note: On devices STM32F10xx8 and STM32F10xxB,
 475:Drivers/STM32F1xx_HAL_Driver/Src/stm32f1xx_hal.c ****   *                  STM32F101xC/D/E and STM32F103xC/D/E,
 476:Drivers/STM32F1xx_HAL_Driver/Src/stm32f1xx_hal.c ****   *                  STM32F101xF/G and STM32F103xF/G
 477:Drivers/STM32F1xx_HAL_Driver/Src/stm32f1xx_hal.c ****   *                  STM32F10xx4 and STM32F10xx6
 478:Drivers/STM32F1xx_HAL_Driver/Src/stm32f1xx_hal.c ****   *       Debug registers DBGMCU_IDCODE and DBGMCU_CR are accessible only in
 479:Drivers/STM32F1xx_HAL_Driver/Src/stm32f1xx_hal.c ****   *       debug mode (not accessible by the user software in normal mode).
 480:Drivers/STM32F1xx_HAL_Driver/Src/stm32f1xx_hal.c ****   *       Refer to errata sheet of these devices for more details.
 481:Drivers/STM32F1xx_HAL_Driver/Src/stm32f1xx_hal.c ****   * @retval None
 482:Drivers/STM32F1xx_HAL_Driver/Src/stm32f1xx_hal.c ****   */
 483:Drivers/STM32F1xx_HAL_Driver/Src/stm32f1xx_hal.c **** void HAL_DBGMCU_DisableDBGSleepMode(void)
 484:Drivers/STM32F1xx_HAL_Driver/Src/stm32f1xx_hal.c **** {
 637              		.loc 1 484 1 is_stmt 1 view -0
 638              		.cfi_startproc
 639              		@ args = 0, pretend = 0, frame = 0
 640              		@ frame_needed = 0, uses_anonymous_args = 0
 641              		@ link register save eliminated.
 485:Drivers/STM32F1xx_HAL_Driver/Src/stm32f1xx_hal.c ****   CLEAR_BIT(DBGMCU->CR, DBGMCU_CR_DBG_SLEEP);
 642              		.loc 1 485 3 view .LVU104
 643 0000 024A     		ldr	r2, .L61
 644 0002 5368     		ldr	r3, [r2, #4]
 645 0004 23F00103 		bic	r3, r3, #1
 646 0008 5360     		str	r3, [r2, #4]
 486:Drivers/STM32F1xx_HAL_Driver/Src/stm32f1xx_hal.c **** }
 647              		.loc 1 486 1 is_stmt 0 view .LVU105
 648 000a 7047     		bx	lr
 649              	.L62:
 650              		.align	2
 651              	.L61:
 652 000c 002004E0 		.word	-536600576
 653              		.cfi_endproc
 654              	.LFE83:
 656              		.section	.text.HAL_DBGMCU_EnableDBGStopMode,"ax",%progbits
 657              		.align	1
 658              		.global	HAL_DBGMCU_EnableDBGStopMode
 659              		.syntax unified
 660              		.thumb
 661              		.thumb_func
 662              		.fpu softvfp
ARM GAS  /tmp/ccxmrmed.s 			page 21


 664              	HAL_DBGMCU_EnableDBGStopMode:
 665              	.LFB84:
 487:Drivers/STM32F1xx_HAL_Driver/Src/stm32f1xx_hal.c **** 
 488:Drivers/STM32F1xx_HAL_Driver/Src/stm32f1xx_hal.c **** /**
 489:Drivers/STM32F1xx_HAL_Driver/Src/stm32f1xx_hal.c ****   * @brief  Enable the Debug Module during STOP mode
 490:Drivers/STM32F1xx_HAL_Driver/Src/stm32f1xx_hal.c ****   * Note: On devices STM32F10xx8 and STM32F10xxB,
 491:Drivers/STM32F1xx_HAL_Driver/Src/stm32f1xx_hal.c ****   *                  STM32F101xC/D/E and STM32F103xC/D/E,
 492:Drivers/STM32F1xx_HAL_Driver/Src/stm32f1xx_hal.c ****   *                  STM32F101xF/G and STM32F103xF/G
 493:Drivers/STM32F1xx_HAL_Driver/Src/stm32f1xx_hal.c ****   *                  STM32F10xx4 and STM32F10xx6
 494:Drivers/STM32F1xx_HAL_Driver/Src/stm32f1xx_hal.c ****   *       Debug registers DBGMCU_IDCODE and DBGMCU_CR are accessible only in
 495:Drivers/STM32F1xx_HAL_Driver/Src/stm32f1xx_hal.c ****   *       debug mode (not accessible by the user software in normal mode).
 496:Drivers/STM32F1xx_HAL_Driver/Src/stm32f1xx_hal.c ****   *       Refer to errata sheet of these devices for more details.
 497:Drivers/STM32F1xx_HAL_Driver/Src/stm32f1xx_hal.c ****   * Note: On all STM32F1 devices:
 498:Drivers/STM32F1xx_HAL_Driver/Src/stm32f1xx_hal.c ****   *       If the system tick timer interrupt is enabled during the Stop mode
 499:Drivers/STM32F1xx_HAL_Driver/Src/stm32f1xx_hal.c ****   *       debug (DBG_STOP bit set in the DBGMCU_CR register ), it will wakeup
 500:Drivers/STM32F1xx_HAL_Driver/Src/stm32f1xx_hal.c ****   *       the system from Stop mode.
 501:Drivers/STM32F1xx_HAL_Driver/Src/stm32f1xx_hal.c ****   *       Workaround: To debug the Stop mode, disable the system tick timer
 502:Drivers/STM32F1xx_HAL_Driver/Src/stm32f1xx_hal.c ****   *       interrupt.
 503:Drivers/STM32F1xx_HAL_Driver/Src/stm32f1xx_hal.c ****   *       Refer to errata sheet of these devices for more details.
 504:Drivers/STM32F1xx_HAL_Driver/Src/stm32f1xx_hal.c ****   * Note: On all STM32F1 devices:
 505:Drivers/STM32F1xx_HAL_Driver/Src/stm32f1xx_hal.c ****   *       If the system tick timer interrupt is enabled during the Stop mode
 506:Drivers/STM32F1xx_HAL_Driver/Src/stm32f1xx_hal.c ****   *       debug (DBG_STOP bit set in the DBGMCU_CR register ), it will wakeup
 507:Drivers/STM32F1xx_HAL_Driver/Src/stm32f1xx_hal.c ****   *       the system from Stop mode.
 508:Drivers/STM32F1xx_HAL_Driver/Src/stm32f1xx_hal.c ****   *       Workaround: To debug the Stop mode, disable the system tick timer
 509:Drivers/STM32F1xx_HAL_Driver/Src/stm32f1xx_hal.c ****   *       interrupt.
 510:Drivers/STM32F1xx_HAL_Driver/Src/stm32f1xx_hal.c ****   *       Refer to errata sheet of these devices for more details.
 511:Drivers/STM32F1xx_HAL_Driver/Src/stm32f1xx_hal.c ****   * @retval None
 512:Drivers/STM32F1xx_HAL_Driver/Src/stm32f1xx_hal.c ****   */
 513:Drivers/STM32F1xx_HAL_Driver/Src/stm32f1xx_hal.c **** void HAL_DBGMCU_EnableDBGStopMode(void)
 514:Drivers/STM32F1xx_HAL_Driver/Src/stm32f1xx_hal.c **** {
 666              		.loc 1 514 1 is_stmt 1 view -0
 667              		.cfi_startproc
 668              		@ args = 0, pretend = 0, frame = 0
 669              		@ frame_needed = 0, uses_anonymous_args = 0
 670              		@ link register save eliminated.
 515:Drivers/STM32F1xx_HAL_Driver/Src/stm32f1xx_hal.c ****   SET_BIT(DBGMCU->CR, DBGMCU_CR_DBG_STOP);
 671              		.loc 1 515 3 view .LVU107
 672 0000 024A     		ldr	r2, .L64
 673 0002 5368     		ldr	r3, [r2, #4]
 674 0004 43F00203 		orr	r3, r3, #2
 675 0008 5360     		str	r3, [r2, #4]
 516:Drivers/STM32F1xx_HAL_Driver/Src/stm32f1xx_hal.c **** }
 676              		.loc 1 516 1 is_stmt 0 view .LVU108
 677 000a 7047     		bx	lr
 678              	.L65:
 679              		.align	2
 680              	.L64:
 681 000c 002004E0 		.word	-536600576
 682              		.cfi_endproc
 683              	.LFE84:
 685              		.section	.text.HAL_DBGMCU_DisableDBGStopMode,"ax",%progbits
 686              		.align	1
 687              		.global	HAL_DBGMCU_DisableDBGStopMode
 688              		.syntax unified
 689              		.thumb
 690              		.thumb_func
 691              		.fpu softvfp
ARM GAS  /tmp/ccxmrmed.s 			page 22


 693              	HAL_DBGMCU_DisableDBGStopMode:
 694              	.LFB85:
 517:Drivers/STM32F1xx_HAL_Driver/Src/stm32f1xx_hal.c **** 
 518:Drivers/STM32F1xx_HAL_Driver/Src/stm32f1xx_hal.c **** /**
 519:Drivers/STM32F1xx_HAL_Driver/Src/stm32f1xx_hal.c ****   * @brief  Disable the Debug Module during STOP mode
 520:Drivers/STM32F1xx_HAL_Driver/Src/stm32f1xx_hal.c ****   * Note: On devices STM32F10xx8 and STM32F10xxB,
 521:Drivers/STM32F1xx_HAL_Driver/Src/stm32f1xx_hal.c ****   *                  STM32F101xC/D/E and STM32F103xC/D/E,
 522:Drivers/STM32F1xx_HAL_Driver/Src/stm32f1xx_hal.c ****   *                  STM32F101xF/G and STM32F103xF/G
 523:Drivers/STM32F1xx_HAL_Driver/Src/stm32f1xx_hal.c ****   *                  STM32F10xx4 and STM32F10xx6
 524:Drivers/STM32F1xx_HAL_Driver/Src/stm32f1xx_hal.c ****   *       Debug registers DBGMCU_IDCODE and DBGMCU_CR are accessible only in
 525:Drivers/STM32F1xx_HAL_Driver/Src/stm32f1xx_hal.c ****   *       debug mode (not accessible by the user software in normal mode).
 526:Drivers/STM32F1xx_HAL_Driver/Src/stm32f1xx_hal.c ****   *       Refer to errata sheet of these devices for more details.
 527:Drivers/STM32F1xx_HAL_Driver/Src/stm32f1xx_hal.c ****   * @retval None
 528:Drivers/STM32F1xx_HAL_Driver/Src/stm32f1xx_hal.c ****   */
 529:Drivers/STM32F1xx_HAL_Driver/Src/stm32f1xx_hal.c **** void HAL_DBGMCU_DisableDBGStopMode(void)
 530:Drivers/STM32F1xx_HAL_Driver/Src/stm32f1xx_hal.c **** {
 695              		.loc 1 530 1 is_stmt 1 view -0
 696              		.cfi_startproc
 697              		@ args = 0, pretend = 0, frame = 0
 698              		@ frame_needed = 0, uses_anonymous_args = 0
 699              		@ link register save eliminated.
 531:Drivers/STM32F1xx_HAL_Driver/Src/stm32f1xx_hal.c ****   CLEAR_BIT(DBGMCU->CR, DBGMCU_CR_DBG_STOP);
 700              		.loc 1 531 3 view .LVU110
 701 0000 024A     		ldr	r2, .L67
 702 0002 5368     		ldr	r3, [r2, #4]
 703 0004 23F00203 		bic	r3, r3, #2
 704 0008 5360     		str	r3, [r2, #4]
 532:Drivers/STM32F1xx_HAL_Driver/Src/stm32f1xx_hal.c **** }
 705              		.loc 1 532 1 is_stmt 0 view .LVU111
 706 000a 7047     		bx	lr
 707              	.L68:
 708              		.align	2
 709              	.L67:
 710 000c 002004E0 		.word	-536600576
 711              		.cfi_endproc
 712              	.LFE85:
 714              		.section	.text.HAL_DBGMCU_EnableDBGStandbyMode,"ax",%progbits
 715              		.align	1
 716              		.global	HAL_DBGMCU_EnableDBGStandbyMode
 717              		.syntax unified
 718              		.thumb
 719              		.thumb_func
 720              		.fpu softvfp
 722              	HAL_DBGMCU_EnableDBGStandbyMode:
 723              	.LFB86:
 533:Drivers/STM32F1xx_HAL_Driver/Src/stm32f1xx_hal.c **** 
 534:Drivers/STM32F1xx_HAL_Driver/Src/stm32f1xx_hal.c **** /**
 535:Drivers/STM32F1xx_HAL_Driver/Src/stm32f1xx_hal.c ****   * @brief  Enable the Debug Module during STANDBY mode
 536:Drivers/STM32F1xx_HAL_Driver/Src/stm32f1xx_hal.c ****   * Note: On devices STM32F10xx8 and STM32F10xxB,
 537:Drivers/STM32F1xx_HAL_Driver/Src/stm32f1xx_hal.c ****   *                  STM32F101xC/D/E and STM32F103xC/D/E,
 538:Drivers/STM32F1xx_HAL_Driver/Src/stm32f1xx_hal.c ****   *                  STM32F101xF/G and STM32F103xF/G
 539:Drivers/STM32F1xx_HAL_Driver/Src/stm32f1xx_hal.c ****   *                  STM32F10xx4 and STM32F10xx6
 540:Drivers/STM32F1xx_HAL_Driver/Src/stm32f1xx_hal.c ****   *       Debug registers DBGMCU_IDCODE and DBGMCU_CR are accessible only in
 541:Drivers/STM32F1xx_HAL_Driver/Src/stm32f1xx_hal.c ****   *       debug mode (not accessible by the user software in normal mode).
 542:Drivers/STM32F1xx_HAL_Driver/Src/stm32f1xx_hal.c ****   *       Refer to errata sheet of these devices for more details.
 543:Drivers/STM32F1xx_HAL_Driver/Src/stm32f1xx_hal.c ****   * @retval None
 544:Drivers/STM32F1xx_HAL_Driver/Src/stm32f1xx_hal.c ****   */
ARM GAS  /tmp/ccxmrmed.s 			page 23


 545:Drivers/STM32F1xx_HAL_Driver/Src/stm32f1xx_hal.c **** void HAL_DBGMCU_EnableDBGStandbyMode(void)
 546:Drivers/STM32F1xx_HAL_Driver/Src/stm32f1xx_hal.c **** {
 724              		.loc 1 546 1 is_stmt 1 view -0
 725              		.cfi_startproc
 726              		@ args = 0, pretend = 0, frame = 0
 727              		@ frame_needed = 0, uses_anonymous_args = 0
 728              		@ link register save eliminated.
 547:Drivers/STM32F1xx_HAL_Driver/Src/stm32f1xx_hal.c ****   SET_BIT(DBGMCU->CR, DBGMCU_CR_DBG_STANDBY);
 729              		.loc 1 547 3 view .LVU113
 730 0000 024A     		ldr	r2, .L70
 731 0002 5368     		ldr	r3, [r2, #4]
 732 0004 43F00403 		orr	r3, r3, #4
 733 0008 5360     		str	r3, [r2, #4]
 548:Drivers/STM32F1xx_HAL_Driver/Src/stm32f1xx_hal.c **** }
 734              		.loc 1 548 1 is_stmt 0 view .LVU114
 735 000a 7047     		bx	lr
 736              	.L71:
 737              		.align	2
 738              	.L70:
 739 000c 002004E0 		.word	-536600576
 740              		.cfi_endproc
 741              	.LFE86:
 743              		.section	.text.HAL_DBGMCU_DisableDBGStandbyMode,"ax",%progbits
 744              		.align	1
 745              		.global	HAL_DBGMCU_DisableDBGStandbyMode
 746              		.syntax unified
 747              		.thumb
 748              		.thumb_func
 749              		.fpu softvfp
 751              	HAL_DBGMCU_DisableDBGStandbyMode:
 752              	.LFB87:
 549:Drivers/STM32F1xx_HAL_Driver/Src/stm32f1xx_hal.c **** 
 550:Drivers/STM32F1xx_HAL_Driver/Src/stm32f1xx_hal.c **** /**
 551:Drivers/STM32F1xx_HAL_Driver/Src/stm32f1xx_hal.c ****   * @brief  Disable the Debug Module during STANDBY mode
 552:Drivers/STM32F1xx_HAL_Driver/Src/stm32f1xx_hal.c ****   * Note: On devices STM32F10xx8 and STM32F10xxB,
 553:Drivers/STM32F1xx_HAL_Driver/Src/stm32f1xx_hal.c ****   *                  STM32F101xC/D/E and STM32F103xC/D/E,
 554:Drivers/STM32F1xx_HAL_Driver/Src/stm32f1xx_hal.c ****   *                  STM32F101xF/G and STM32F103xF/G
 555:Drivers/STM32F1xx_HAL_Driver/Src/stm32f1xx_hal.c ****   *                  STM32F10xx4 and STM32F10xx6
 556:Drivers/STM32F1xx_HAL_Driver/Src/stm32f1xx_hal.c ****   *       Debug registers DBGMCU_IDCODE and DBGMCU_CR are accessible only in
 557:Drivers/STM32F1xx_HAL_Driver/Src/stm32f1xx_hal.c ****   *       debug mode (not accessible by the user software in normal mode).
 558:Drivers/STM32F1xx_HAL_Driver/Src/stm32f1xx_hal.c ****   *       Refer to errata sheet of these devices for more details.
 559:Drivers/STM32F1xx_HAL_Driver/Src/stm32f1xx_hal.c ****   * @retval None
 560:Drivers/STM32F1xx_HAL_Driver/Src/stm32f1xx_hal.c ****   */
 561:Drivers/STM32F1xx_HAL_Driver/Src/stm32f1xx_hal.c **** void HAL_DBGMCU_DisableDBGStandbyMode(void)
 562:Drivers/STM32F1xx_HAL_Driver/Src/stm32f1xx_hal.c **** {
 753              		.loc 1 562 1 is_stmt 1 view -0
 754              		.cfi_startproc
 755              		@ args = 0, pretend = 0, frame = 0
 756              		@ frame_needed = 0, uses_anonymous_args = 0
 757              		@ link register save eliminated.
 563:Drivers/STM32F1xx_HAL_Driver/Src/stm32f1xx_hal.c ****   CLEAR_BIT(DBGMCU->CR, DBGMCU_CR_DBG_STANDBY);
 758              		.loc 1 563 3 view .LVU116
 759 0000 024A     		ldr	r2, .L73
 760 0002 5368     		ldr	r3, [r2, #4]
 761 0004 23F00403 		bic	r3, r3, #4
 762 0008 5360     		str	r3, [r2, #4]
 564:Drivers/STM32F1xx_HAL_Driver/Src/stm32f1xx_hal.c **** }
ARM GAS  /tmp/ccxmrmed.s 			page 24


 763              		.loc 1 564 1 is_stmt 0 view .LVU117
 764 000a 7047     		bx	lr
 765              	.L74:
 766              		.align	2
 767              	.L73:
 768 000c 002004E0 		.word	-536600576
 769              		.cfi_endproc
 770              	.LFE87:
 772              		.section	.text.HAL_GetUID,"ax",%progbits
 773              		.align	1
 774              		.global	HAL_GetUID
 775              		.syntax unified
 776              		.thumb
 777              		.thumb_func
 778              		.fpu softvfp
 780              	HAL_GetUID:
 781              	.LVL21:
 782              	.LFB88:
 565:Drivers/STM32F1xx_HAL_Driver/Src/stm32f1xx_hal.c **** 
 566:Drivers/STM32F1xx_HAL_Driver/Src/stm32f1xx_hal.c **** /**
 567:Drivers/STM32F1xx_HAL_Driver/Src/stm32f1xx_hal.c ****   * @brief Return the unique device identifier (UID based on 96 bits)
 568:Drivers/STM32F1xx_HAL_Driver/Src/stm32f1xx_hal.c ****   * @param UID pointer to 3 words array.
 569:Drivers/STM32F1xx_HAL_Driver/Src/stm32f1xx_hal.c ****   * @retval Device identifier
 570:Drivers/STM32F1xx_HAL_Driver/Src/stm32f1xx_hal.c ****   */
 571:Drivers/STM32F1xx_HAL_Driver/Src/stm32f1xx_hal.c **** void HAL_GetUID(uint32_t *UID)
 572:Drivers/STM32F1xx_HAL_Driver/Src/stm32f1xx_hal.c **** {
 783              		.loc 1 572 1 is_stmt 1 view -0
 784              		.cfi_startproc
 785              		@ args = 0, pretend = 0, frame = 0
 786              		@ frame_needed = 0, uses_anonymous_args = 0
 787              		@ link register save eliminated.
 573:Drivers/STM32F1xx_HAL_Driver/Src/stm32f1xx_hal.c ****   UID[0] = (uint32_t)(READ_REG(*((uint32_t *)UID_BASE)));
 788              		.loc 1 573 3 view .LVU119
 789              		.loc 1 573 12 is_stmt 0 view .LVU120
 790 0000 044B     		ldr	r3, .L76
 791 0002 1B68     		ldr	r3, [r3]
 792              		.loc 1 573 10 view .LVU121
 793 0004 0360     		str	r3, [r0]
 574:Drivers/STM32F1xx_HAL_Driver/Src/stm32f1xx_hal.c ****   UID[1] = (uint32_t)(READ_REG(*((uint32_t *)(UID_BASE + 4U))));
 794              		.loc 1 574 3 is_stmt 1 view .LVU122
 795              		.loc 1 574 12 is_stmt 0 view .LVU123
 796 0006 044B     		ldr	r3, .L76+4
 797 0008 1B68     		ldr	r3, [r3]
 798              		.loc 1 574 10 view .LVU124
 799 000a 4360     		str	r3, [r0, #4]
 575:Drivers/STM32F1xx_HAL_Driver/Src/stm32f1xx_hal.c ****   UID[2] = (uint32_t)(READ_REG(*((uint32_t *)(UID_BASE + 8U))));
 800              		.loc 1 575 3 is_stmt 1 view .LVU125
 801              		.loc 1 575 12 is_stmt 0 view .LVU126
 802 000c 034B     		ldr	r3, .L76+8
 803 000e 1B68     		ldr	r3, [r3]
 804              		.loc 1 575 10 view .LVU127
 805 0010 8360     		str	r3, [r0, #8]
 576:Drivers/STM32F1xx_HAL_Driver/Src/stm32f1xx_hal.c **** }
 806              		.loc 1 576 1 view .LVU128
 807 0012 7047     		bx	lr
 808              	.L77:
 809              		.align	2
ARM GAS  /tmp/ccxmrmed.s 			page 25


 810              	.L76:
 811 0014 E8F7FF1F 		.word	536868840
 812 0018 ECF7FF1F 		.word	536868844
 813 001c F0F7FF1F 		.word	536868848
 814              		.cfi_endproc
 815              	.LFE88:
 817              		.global	uwTickFreq
 818              		.global	uwTickPrio
 819              		.comm	uwTick,4,4
 820              		.section	.data.uwTickFreq,"aw"
 821              		.set	.LANCHOR0,. + 0
 824              	uwTickFreq:
 825 0000 01       		.byte	1
 826              		.section	.data.uwTickPrio,"aw"
 827              		.align	2
 828              		.set	.LANCHOR1,. + 0
 831              	uwTickPrio:
 832 0000 10000000 		.word	16
 833              		.text
 834              	.Letext0:
 835              		.file 2 "/home/bore/gcc-arm-none-eabi-8-2018-q4-major/arm-none-eabi/include/machine/_default_types
 836              		.file 3 "/home/bore/gcc-arm-none-eabi-8-2018-q4-major/arm-none-eabi/include/sys/_stdint.h"
 837              		.file 4 "Drivers/CMSIS/Include/core_cm3.h"
 838              		.file 5 "Drivers/CMSIS/Device/ST/STM32F1xx/Include/system_stm32f1xx.h"
 839              		.file 6 "Drivers/CMSIS/Device/ST/STM32F1xx/Include/stm32f100xb.h"
 840              		.file 7 "/home/bore/gcc-arm-none-eabi-8-2018-q4-major/arm-none-eabi/include/sys/lock.h"
 841              		.file 8 "/home/bore/gcc-arm-none-eabi-8-2018-q4-major/arm-none-eabi/include/sys/_types.h"
 842              		.file 9 "/home/bore/gcc-arm-none-eabi-8-2018-q4-major/lib/gcc/arm-none-eabi/8.2.1/include/stddef.h
 843              		.file 10 "/home/bore/gcc-arm-none-eabi-8-2018-q4-major/arm-none-eabi/include/sys/reent.h"
 844              		.file 11 "Drivers/STM32F1xx_HAL_Driver/Inc/stm32f1xx_hal_def.h"
 845              		.file 12 "Drivers/STM32F1xx_HAL_Driver/Inc/stm32f1xx_hal.h"
 846              		.file 13 "Drivers/STM32F1xx_HAL_Driver/Inc/stm32f1xx_hal_cortex.h"
ARM GAS  /tmp/ccxmrmed.s 			page 26


DEFINED SYMBOLS
                            *ABS*:0000000000000000 stm32f1xx_hal.c
     /tmp/ccxmrmed.s:16     .text.HAL_MspInit:0000000000000000 $t
     /tmp/ccxmrmed.s:24     .text.HAL_MspInit:0000000000000000 HAL_MspInit
     /tmp/ccxmrmed.s:38     .text.HAL_MspDeInit:0000000000000000 $t
     /tmp/ccxmrmed.s:45     .text.HAL_MspDeInit:0000000000000000 HAL_MspDeInit
     /tmp/ccxmrmed.s:58     .text.HAL_DeInit:0000000000000000 $t
     /tmp/ccxmrmed.s:65     .text.HAL_DeInit:0000000000000000 HAL_DeInit
     /tmp/ccxmrmed.s:97     .text.HAL_DeInit:000000000000001c $d
     /tmp/ccxmrmed.s:102    .text.HAL_InitTick:0000000000000000 $t
     /tmp/ccxmrmed.s:109    .text.HAL_InitTick:0000000000000000 HAL_InitTick
     /tmp/ccxmrmed.s:172    .text.HAL_InitTick:0000000000000040 $d
     /tmp/ccxmrmed.s:179    .text.HAL_Init:0000000000000000 $t
     /tmp/ccxmrmed.s:186    .text.HAL_Init:0000000000000000 HAL_Init
     /tmp/ccxmrmed.s:216    .text.HAL_IncTick:0000000000000000 $t
     /tmp/ccxmrmed.s:223    .text.HAL_IncTick:0000000000000000 HAL_IncTick
     /tmp/ccxmrmed.s:243    .text.HAL_IncTick:0000000000000010 $d
                            *COM*:0000000000000004 uwTick
     /tmp/ccxmrmed.s:249    .text.HAL_GetTick:0000000000000000 $t
     /tmp/ccxmrmed.s:256    .text.HAL_GetTick:0000000000000000 HAL_GetTick
     /tmp/ccxmrmed.s:272    .text.HAL_GetTick:0000000000000008 $d
     /tmp/ccxmrmed.s:277    .text.HAL_GetTickPrio:0000000000000000 $t
     /tmp/ccxmrmed.s:284    .text.HAL_GetTickPrio:0000000000000000 HAL_GetTickPrio
     /tmp/ccxmrmed.s:299    .text.HAL_GetTickPrio:0000000000000008 $d
     /tmp/ccxmrmed.s:304    .text.HAL_SetTickFreq:0000000000000000 $t
     /tmp/ccxmrmed.s:311    .text.HAL_SetTickFreq:0000000000000000 HAL_SetTickFreq
     /tmp/ccxmrmed.s:360    .text.HAL_SetTickFreq:000000000000001c $d
     /tmp/ccxmrmed.s:366    .text.HAL_GetTickFreq:0000000000000000 $t
     /tmp/ccxmrmed.s:373    .text.HAL_GetTickFreq:0000000000000000 HAL_GetTickFreq
     /tmp/ccxmrmed.s:388    .text.HAL_GetTickFreq:0000000000000008 $d
     /tmp/ccxmrmed.s:393    .text.HAL_Delay:0000000000000000 $t
     /tmp/ccxmrmed.s:400    .text.HAL_Delay:0000000000000000 HAL_Delay
     /tmp/ccxmrmed.s:452    .text.HAL_Delay:0000000000000024 $d
     /tmp/ccxmrmed.s:457    .text.HAL_SuspendTick:0000000000000000 $t
     /tmp/ccxmrmed.s:464    .text.HAL_SuspendTick:0000000000000000 HAL_SuspendTick
     /tmp/ccxmrmed.s:481    .text.HAL_SuspendTick:000000000000000c $d
     /tmp/ccxmrmed.s:486    .text.HAL_ResumeTick:0000000000000000 $t
     /tmp/ccxmrmed.s:493    .text.HAL_ResumeTick:0000000000000000 HAL_ResumeTick
     /tmp/ccxmrmed.s:510    .text.HAL_ResumeTick:000000000000000c $d
     /tmp/ccxmrmed.s:515    .text.HAL_GetHalVersion:0000000000000000 $t
     /tmp/ccxmrmed.s:522    .text.HAL_GetHalVersion:0000000000000000 HAL_GetHalVersion
     /tmp/ccxmrmed.s:536    .text.HAL_GetHalVersion:0000000000000004 $d
     /tmp/ccxmrmed.s:541    .text.HAL_GetREVID:0000000000000000 $t
     /tmp/ccxmrmed.s:548    .text.HAL_GetREVID:0000000000000000 HAL_GetREVID
     /tmp/ccxmrmed.s:565    .text.HAL_GetREVID:0000000000000008 $d
     /tmp/ccxmrmed.s:570    .text.HAL_GetDEVID:0000000000000000 $t
     /tmp/ccxmrmed.s:577    .text.HAL_GetDEVID:0000000000000000 HAL_GetDEVID
     /tmp/ccxmrmed.s:594    .text.HAL_GetDEVID:000000000000000c $d
     /tmp/ccxmrmed.s:599    .text.HAL_DBGMCU_EnableDBGSleepMode:0000000000000000 $t
     /tmp/ccxmrmed.s:606    .text.HAL_DBGMCU_EnableDBGSleepMode:0000000000000000 HAL_DBGMCU_EnableDBGSleepMode
     /tmp/ccxmrmed.s:623    .text.HAL_DBGMCU_EnableDBGSleepMode:000000000000000c $d
     /tmp/ccxmrmed.s:628    .text.HAL_DBGMCU_DisableDBGSleepMode:0000000000000000 $t
     /tmp/ccxmrmed.s:635    .text.HAL_DBGMCU_DisableDBGSleepMode:0000000000000000 HAL_DBGMCU_DisableDBGSleepMode
     /tmp/ccxmrmed.s:652    .text.HAL_DBGMCU_DisableDBGSleepMode:000000000000000c $d
     /tmp/ccxmrmed.s:657    .text.HAL_DBGMCU_EnableDBGStopMode:0000000000000000 $t
     /tmp/ccxmrmed.s:664    .text.HAL_DBGMCU_EnableDBGStopMode:0000000000000000 HAL_DBGMCU_EnableDBGStopMode
     /tmp/ccxmrmed.s:681    .text.HAL_DBGMCU_EnableDBGStopMode:000000000000000c $d
ARM GAS  /tmp/ccxmrmed.s 			page 27


     /tmp/ccxmrmed.s:686    .text.HAL_DBGMCU_DisableDBGStopMode:0000000000000000 $t
     /tmp/ccxmrmed.s:693    .text.HAL_DBGMCU_DisableDBGStopMode:0000000000000000 HAL_DBGMCU_DisableDBGStopMode
     /tmp/ccxmrmed.s:710    .text.HAL_DBGMCU_DisableDBGStopMode:000000000000000c $d
     /tmp/ccxmrmed.s:715    .text.HAL_DBGMCU_EnableDBGStandbyMode:0000000000000000 $t
     /tmp/ccxmrmed.s:722    .text.HAL_DBGMCU_EnableDBGStandbyMode:0000000000000000 HAL_DBGMCU_EnableDBGStandbyMode
     /tmp/ccxmrmed.s:739    .text.HAL_DBGMCU_EnableDBGStandbyMode:000000000000000c $d
     /tmp/ccxmrmed.s:744    .text.HAL_DBGMCU_DisableDBGStandbyMode:0000000000000000 $t
     /tmp/ccxmrmed.s:751    .text.HAL_DBGMCU_DisableDBGStandbyMode:0000000000000000 HAL_DBGMCU_DisableDBGStandbyMode
     /tmp/ccxmrmed.s:768    .text.HAL_DBGMCU_DisableDBGStandbyMode:000000000000000c $d
     /tmp/ccxmrmed.s:773    .text.HAL_GetUID:0000000000000000 $t
     /tmp/ccxmrmed.s:780    .text.HAL_GetUID:0000000000000000 HAL_GetUID
     /tmp/ccxmrmed.s:811    .text.HAL_GetUID:0000000000000014 $d
     /tmp/ccxmrmed.s:824    .data.uwTickFreq:0000000000000000 uwTickFreq
     /tmp/ccxmrmed.s:831    .data.uwTickPrio:0000000000000000 uwTickPrio
     /tmp/ccxmrmed.s:827    .data.uwTickPrio:0000000000000000 $d

UNDEFINED SYMBOLS
HAL_SYSTICK_Config
HAL_NVIC_SetPriority
SystemCoreClock
HAL_NVIC_SetPriorityGrouping
